0 verbose cli /usr/local/bin/node /usr/local/bin/npm
1 info using npm@11.6.2
2 info using node@v24.11.1
3 silly config load:file:/usr/local/lib/node_modules/npm/npmrc
4 silly config load:file:/Users/oguzhan.sivri/Desktop/mail_campaign_backend/backend/.npmrc
5 silly config load:file:/Users/oguzhan.sivri/.npmrc
6 silly config load:file:/usr/local/etc/npmrc
7 verbose title npm install @nestjs/config class-validator class-transformer @supabase/supabase-js pg bullmq ioredis @nestjs/bullmq undici
8 verbose argv "install" "@nestjs/config" "class-validator" "class-transformer" "@supabase/supabase-js" "pg" "bullmq" "ioredis" "@nestjs/bullmq" "undici"
9 verbose logfile logs-max:10 dir:/Users/oguzhan.sivri/Desktop/mail_campaign_backend/.npm-cache/_logs/2025-12-08T08_23_02_449Z-
10 verbose logfile /Users/oguzhan.sivri/Desktop/mail_campaign_backend/.npm-cache/_logs/2025-12-08T08_23_02_449Z-debug-0.log
11 silly logfile done cleaning log files
12 silly packumentCache heap:4496293888 maxSize:1124073472 maxEntrySize:562036736
13 silly idealTree buildDeps
14 silly fetch manifest @nestjs/config@*
15 silly packumentCache full:https://registry.npmjs.org/@nestjs%2fconfig cache-miss
16 http fetch GET 200 https://registry.npmjs.org/@nestjs%2fconfig 315ms (cache miss)
17 silly packumentCache full:https://registry.npmjs.org/@nestjs%2fconfig set size:undefined disposed:false
18 silly fetch manifest @nestjs/common@^11.0.1
19 silly packumentCache full:https://registry.npmjs.org/@nestjs%2fcommon cache-miss
20 http cache https://registry.npmjs.org/@nestjs%2fcommon 4ms (cache hit)
21 silly packumentCache full:https://registry.npmjs.org/@nestjs%2fcommon set size:880207 disposed:false
22 silly fetch manifest class-transformer@*
23 silly packumentCache full:https://registry.npmjs.org/class-transformer cache-miss
24 http fetch GET 200 https://registry.npmjs.org/class-transformer 33ms (cache miss)
25 silly packumentCache full:https://registry.npmjs.org/class-transformer set size:undefined disposed:false
26 silly fetch manifest class-validator@*
27 silly packumentCache full:https://registry.npmjs.org/class-validator cache-miss
28 http fetch GET 200 https://registry.npmjs.org/class-validator 39ms (cache miss)
29 silly packumentCache full:https://registry.npmjs.org/class-validator set size:undefined disposed:false
30 silly fetch manifest reflect-metadata@^0.2.2
31 silly packumentCache full:https://registry.npmjs.org/reflect-metadata cache-miss
32 http cache https://registry.npmjs.org/reflect-metadata 2ms (cache hit)
33 silly packumentCache full:https://registry.npmjs.org/reflect-metadata set size:61305 disposed:false
34 silly fetch manifest rxjs@^7.8.1
35 silly packumentCache full:https://registry.npmjs.org/rxjs cache-miss
36 http cache https://registry.npmjs.org/rxjs 3ms (cache hit)
37 silly packumentCache full:https://registry.npmjs.org/rxjs set size:980097 disposed:false
38 silly fetch manifest @supabase/supabase-js@*
39 silly packumentCache full:https://registry.npmjs.org/@supabase%2fsupabase-js cache-miss
40 http fetch GET 200 https://registry.npmjs.org/@supabase%2fsupabase-js 108ms (cache miss)
41 silly packumentCache full:https://registry.npmjs.org/@supabase%2fsupabase-js set size:undefined disposed:false
42 silly fetch manifest pg@*
43 silly packumentCache full:https://registry.npmjs.org/pg cache-miss
44 http fetch GET 200 https://registry.npmjs.org/pg 44ms (cache miss)
45 silly packumentCache full:https://registry.npmjs.org/pg set size:undefined disposed:false
46 silly fetch manifest pg-native@>=3.0.1
47 silly packumentCache full:https://registry.npmjs.org/pg-native cache-miss
48 http fetch GET 200 https://registry.npmjs.org/pg-native 31ms (cache miss)
49 silly packumentCache full:https://registry.npmjs.org/pg-native set size:undefined disposed:false
50 silly fetch manifest bullmq@*
51 silly packumentCache full:https://registry.npmjs.org/bullmq cache-miss
52 http fetch GET 200 https://registry.npmjs.org/bullmq 156ms (cache miss)
53 silly packumentCache full:https://registry.npmjs.org/bullmq set size:undefined disposed:false
54 silly fetch manifest ioredis@*
55 silly packumentCache full:https://registry.npmjs.org/ioredis cache-miss
56 http fetch GET 200 https://registry.npmjs.org/ioredis 72ms (cache miss)
57 silly packumentCache full:https://registry.npmjs.org/ioredis set size:undefined disposed:false
58 silly fetch manifest @nestjs/bullmq@*
59 silly packumentCache full:https://registry.npmjs.org/@nestjs%2fbullmq cache-miss
60 http fetch GET 200 https://registry.npmjs.org/@nestjs%2fbullmq 208ms (cache miss)
61 silly packumentCache full:https://registry.npmjs.org/@nestjs%2fbullmq set size:undefined disposed:false
62 silly fetch manifest @nestjs/core@^11.0.1
63 silly packumentCache full:https://registry.npmjs.org/@nestjs%2fcore cache-miss
64 http cache https://registry.npmjs.org/@nestjs%2fcore 5ms (cache hit)
65 silly packumentCache full:https://registry.npmjs.org/@nestjs%2fcore set size:1012360 disposed:false
66 silly fetch manifest @nestjs/microservices@^11.0.0
67 silly packumentCache full:https://registry.npmjs.org/@nestjs%2fmicroservices cache-miss
68 http fetch GET 200 https://registry.npmjs.org/@nestjs%2fmicroservices 108ms (cache miss)
69 silly packumentCache full:https://registry.npmjs.org/@nestjs%2fmicroservices set size:undefined disposed:false
70 silly fetch manifest @grpc/grpc-js@*
71 silly packumentCache full:https://registry.npmjs.org/@grpc%2fgrpc-js cache-miss
72 http fetch GET 200 https://registry.npmjs.org/@grpc%2fgrpc-js 91ms (cache miss)
73 silly packumentCache full:https://registry.npmjs.org/@grpc%2fgrpc-js set size:undefined disposed:false
74 silly fetch manifest @nestjs/websockets@^11.0.0
75 silly packumentCache full:https://registry.npmjs.org/@nestjs%2fwebsockets cache-miss
76 http fetch GET 200 https://registry.npmjs.org/@nestjs%2fwebsockets 103ms (cache miss)
77 silly packumentCache full:https://registry.npmjs.org/@nestjs%2fwebsockets set size:undefined disposed:false
78 silly fetch manifest @nestjs/platform-socket.io@^11.0.0
79 silly packumentCache full:https://registry.npmjs.org/@nestjs%2fplatform-socket.io cache-miss
80 http fetch GET 200 https://registry.npmjs.org/@nestjs%2fplatform-socket.io 118ms (cache miss)
81 silly packumentCache full:https://registry.npmjs.org/@nestjs%2fplatform-socket.io set size:undefined disposed:false
82 silly fetch manifest amqp-connection-manager@*
83 silly packumentCache full:https://registry.npmjs.org/amqp-connection-manager cache-miss
84 http fetch GET 200 https://registry.npmjs.org/amqp-connection-manager 61ms (cache miss)
85 silly packumentCache full:https://registry.npmjs.org/amqp-connection-manager set size:undefined disposed:false
86 silly fetch manifest amqplib@*
87 silly packumentCache full:https://registry.npmjs.org/amqplib cache-miss
88 http fetch GET 200 https://registry.npmjs.org/amqplib 47ms (cache miss)
89 silly packumentCache full:https://registry.npmjs.org/amqplib set size:undefined disposed:false
90 silly fetch manifest cache-manager@*
91 silly packumentCache full:https://registry.npmjs.org/cache-manager cache-miss
92 http fetch GET 200 https://registry.npmjs.org/cache-manager 60ms (cache miss)
93 silly packumentCache full:https://registry.npmjs.org/cache-manager set size:undefined disposed:false
94 silly fetch manifest kafkajs@*
95 silly packumentCache full:https://registry.npmjs.org/kafkajs cache-miss
96 http fetch GET 200 https://registry.npmjs.org/kafkajs 127ms (cache miss)
97 silly packumentCache full:https://registry.npmjs.org/kafkajs set size:undefined disposed:false
98 silly fetch manifest mqtt@*
99 silly packumentCache full:https://registry.npmjs.org/mqtt cache-miss
100 http fetch GET 200 https://registry.npmjs.org/mqtt 65ms (cache miss)
101 silly packumentCache full:https://registry.npmjs.org/mqtt set size:undefined disposed:false
102 silly fetch manifest nats@*
103 silly packumentCache full:https://registry.npmjs.org/nats cache-miss
104 http fetch GET 200 https://registry.npmjs.org/nats 68ms (cache miss)
105 silly packumentCache full:https://registry.npmjs.org/nats set size:undefined disposed:false
106 silly fetch manifest @nestjs/platform-express@^11.0.1
107 silly packumentCache full:https://registry.npmjs.org/@nestjs%2fplatform-express cache-miss
108 http cache https://registry.npmjs.org/@nestjs%2fplatform-express 5ms (cache hit)
109 silly packumentCache full:https://registry.npmjs.org/@nestjs%2fplatform-express set size:718229 disposed:false
110 silly fetch manifest undici@*
111 silly packumentCache full:https://registry.npmjs.org/undici cache-miss
112 http fetch GET 200 https://registry.npmjs.org/undici 67ms (cache miss)
113 silly packumentCache full:https://registry.npmjs.org/undici set size:undefined disposed:false
114 silly placeDep ROOT @nestjs/bullmq@11.0.4 OK for: backend@0.0.1 want: *
115 silly placeDep ROOT bullmq@5.65.1 OK for: @nestjs/bullmq@11.0.4 want: ^3.0.0 || ^4.0.0 || ^5.0.0
116 silly placeDep ROOT @nestjs/config@4.0.2 OK for: backend@0.0.1 want: *
117 silly placeDep ROOT @supabase/supabase-js@2.86.2 OK for: backend@0.0.1 want: *
118 silly placeDep ROOT bullmq@5.65.1 REPLACE for: backend@0.0.1 want: *
119 silly placeDep ROOT class-transformer@0.5.1 OK for: backend@0.0.1 want: *
120 silly placeDep ROOT class-validator@0.14.3 OK for: backend@0.0.1 want: *
121 silly placeDep ROOT ioredis@5.8.2 OK for: backend@0.0.1 want: *
122 silly placeDep ROOT pg@8.16.3 OK for: backend@0.0.1 want: *
123 silly placeDep ROOT undici@7.16.0 OK for: backend@0.0.1 want: *
124 silly fetch manifest @nestjs/bull-shared@^11.0.4
125 silly packumentCache full:https://registry.npmjs.org/@nestjs%2fbull-shared cache-miss
126 silly fetch manifest cron-parser@^4.9.0
127 silly packumentCache full:https://registry.npmjs.org/cron-parser cache-miss
128 silly fetch manifest ioredis@^5.8.2
129 silly packumentCache full:https://registry.npmjs.org/ioredis cache-miss
130 silly fetch manifest msgpackr@^1.11.2
131 silly packumentCache full:https://registry.npmjs.org/msgpackr cache-miss
132 silly fetch manifest uuid@^11.1.0
133 silly packumentCache full:https://registry.npmjs.org/uuid cache-miss
134 silly fetch manifest dotenv@16.4.7
135 silly packumentCache full:https://registry.npmjs.org/dotenv cache-miss
136 silly fetch manifest dotenv-expand@12.0.1
137 silly packumentCache full:https://registry.npmjs.org/dotenv-expand cache-miss
138 silly fetch manifest @supabase/auth-js@2.86.2
139 silly packumentCache full:https://registry.npmjs.org/@supabase%2fauth-js cache-miss
140 silly fetch manifest @supabase/storage-js@2.86.2
141 silly packumentCache full:https://registry.npmjs.org/@supabase%2fstorage-js cache-miss
142 silly fetch manifest @supabase/realtime-js@2.86.2
143 silly packumentCache full:https://registry.npmjs.org/@supabase%2frealtime-js cache-miss
144 http cache https://registry.npmjs.org/ioredis 9ms (cache hit)
145 silly packumentCache full:https://registry.npmjs.org/ioredis set size:749561 disposed:false
146 silly fetch manifest @supabase/functions-js@2.86.2
147 silly packumentCache full:https://registry.npmjs.org/@supabase%2ffunctions-js cache-miss
148 http fetch GET 200 https://registry.npmjs.org/dotenv-expand 135ms (cache miss)
149 silly packumentCache full:https://registry.npmjs.org/dotenv-expand set size:undefined disposed:false
150 silly fetch manifest @supabase/postgrest-js@2.86.2
151 silly packumentCache full:https://registry.npmjs.org/@supabase%2fpostgrest-js cache-miss
152 http fetch GET 200 https://registry.npmjs.org/uuid 215ms (cache miss)
153 silly packumentCache full:https://registry.npmjs.org/uuid set size:undefined disposed:false
154 silly fetch manifest cron-parser@^4.9.0
155 silly packumentCache full:https://registry.npmjs.org/cron-parser cache-miss
156 http fetch GET 200 https://registry.npmjs.org/dotenv 237ms (cache miss)
157 silly packumentCache full:https://registry.npmjs.org/dotenv set size:undefined disposed:false
158 silly fetch manifest msgpackr@^1.11.2
159 silly packumentCache full:https://registry.npmjs.org/msgpackr cache-miss
160 http fetch GET 200 https://registry.npmjs.org/@nestjs%2fbull-shared 247ms (cache miss)
161 silly packumentCache full:https://registry.npmjs.org/@nestjs%2fbull-shared set size:undefined disposed:false
162 silly fetch manifest @types/validator@^13.15.3
163 silly packumentCache full:https://registry.npmjs.org/@types%2fvalidator cache-miss
164 http fetch GET 200 https://registry.npmjs.org/cron-parser 253ms (cache miss)
165 silly packumentCache full:https://registry.npmjs.org/cron-parser set size:undefined disposed:false
166 silly fetch manifest libphonenumber-js@^1.11.1
167 silly packumentCache full:https://registry.npmjs.org/libphonenumber-js cache-miss
168 http fetch GET 200 https://registry.npmjs.org/msgpackr 256ms (cache miss)
169 silly packumentCache full:https://registry.npmjs.org/msgpackr set size:undefined disposed:false
170 silly fetch manifest validator@^13.15.20
171 silly packumentCache full:https://registry.npmjs.org/validator cache-miss
172 http fetch GET 200 https://registry.npmjs.org/@supabase%2ffunctions-js 246ms (cache miss)
173 silly packumentCache full:https://registry.npmjs.org/@supabase%2ffunctions-js set size:undefined disposed:false
174 silly fetch manifest denque@^2.1.0
175 silly packumentCache full:https://registry.npmjs.org/denque cache-miss
176 http fetch GET 200 https://registry.npmjs.org/@supabase%2fauth-js 262ms (cache miss)
177 silly packumentCache full:https://registry.npmjs.org/@supabase%2fauth-js set size:undefined disposed:false
178 silly fetch manifest redis-errors@^1.2.0
179 silly packumentCache full:https://registry.npmjs.org/redis-errors cache-miss
180 http fetch GET 200 https://registry.npmjs.org/@supabase%2fstorage-js 265ms (cache miss)
181 silly packumentCache full:https://registry.npmjs.org/@supabase%2fstorage-js set size:undefined disposed:false
182 silly fetch manifest redis-parser@^3.0.0
183 silly packumentCache full:https://registry.npmjs.org/redis-parser cache-miss
184 http fetch GET 200 https://registry.npmjs.org/@supabase%2frealtime-js 278ms (cache miss)
185 silly packumentCache full:https://registry.npmjs.org/@supabase%2frealtime-js set size:undefined disposed:false
186 silly fetch manifest lodash.defaults@^4.2.0
187 silly packumentCache full:https://registry.npmjs.org/lodash.defaults cache-miss
188 http fetch GET 200 https://registry.npmjs.org/cron-parser 63ms (cache miss)
189 silly packumentCache full:https://registry.npmjs.org/cron-parser set size:undefined disposed:false
190 silly fetch manifest cluster-key-slot@^1.1.0
191 silly packumentCache full:https://registry.npmjs.org/cluster-key-slot cache-miss
192 http fetch GET 200 https://registry.npmjs.org/@supabase%2fpostgrest-js 145ms (cache miss)
193 silly packumentCache full:https://registry.npmjs.org/@supabase%2fpostgrest-js set size:undefined disposed:false
194 silly fetch manifest @ioredis/commands@1.4.0
195 silly packumentCache full:https://registry.npmjs.org/@ioredis%2fcommands cache-miss
196 http fetch GET 200 https://registry.npmjs.org/denque 38ms (cache miss)
197 silly packumentCache full:https://registry.npmjs.org/denque set size:undefined disposed:false
198 silly fetch manifest lodash.isarguments@^3.1.0
199 silly packumentCache full:https://registry.npmjs.org/lodash.isarguments cache-miss
200 http fetch GET 200 https://registry.npmjs.org/redis-parser 38ms (cache miss)
201 silly packumentCache full:https://registry.npmjs.org/redis-parser set size:undefined disposed:false
202 silly fetch manifest standard-as-callback@^2.1.0
203 silly packumentCache full:https://registry.npmjs.org/standard-as-callback cache-miss
204 http fetch GET 200 https://registry.npmjs.org/@types%2fvalidator 61ms (cache miss)
205 silly packumentCache full:https://registry.npmjs.org/@types%2fvalidator set size:undefined disposed:false
206 silly fetch manifest pg-connection-string@^2.9.1
207 silly packumentCache full:https://registry.npmjs.org/pg-connection-string cache-miss
208 http fetch GET 200 https://registry.npmjs.org/msgpackr 75ms (cache miss)
209 silly packumentCache full:https://registry.npmjs.org/msgpackr set size:undefined disposed:false
210 silly fetch manifest pg-pool@^3.10.1
211 silly packumentCache full:https://registry.npmjs.org/pg-pool cache-miss
212 http fetch GET 200 https://registry.npmjs.org/lodash.defaults 38ms (cache miss)
213 silly packumentCache full:https://registry.npmjs.org/lodash.defaults set size:undefined disposed:false
214 silly fetch manifest pg-protocol@^1.10.3
215 silly packumentCache full:https://registry.npmjs.org/pg-protocol cache-miss
216 http fetch GET 200 https://registry.npmjs.org/lodash.isarguments 34ms (cache miss)
217 silly packumentCache full:https://registry.npmjs.org/lodash.isarguments set size:undefined disposed:false
218 silly fetch manifest pg-types@2.2.0
219 silly packumentCache full:https://registry.npmjs.org/pg-types cache-miss
220 http fetch GET 200 https://registry.npmjs.org/standard-as-callback 31ms (cache miss)
221 silly packumentCache full:https://registry.npmjs.org/standard-as-callback set size:undefined disposed:false
222 silly fetch manifest pgpass@1.0.5
223 silly packumentCache full:https://registry.npmjs.org/pgpass cache-miss
224 http fetch GET 200 https://registry.npmjs.org/validator 108ms (cache miss)
225 silly packumentCache full:https://registry.npmjs.org/validator set size:undefined disposed:false
226 silly fetch manifest pg-cloudflare@^1.2.7
227 silly packumentCache full:https://registry.npmjs.org/pg-cloudflare cache-miss
228 http fetch GET 200 https://registry.npmjs.org/pg-pool 50ms (cache miss)
229 silly packumentCache full:https://registry.npmjs.org/pg-pool set size:undefined disposed:false
230 http fetch GET 200 https://registry.npmjs.org/redis-errors 105ms (cache miss)
231 silly packumentCache full:https://registry.npmjs.org/redis-errors set size:undefined disposed:false
232 http fetch GET 200 https://registry.npmjs.org/pg-types 42ms (cache miss)
233 silly packumentCache full:https://registry.npmjs.org/pg-types set size:undefined disposed:false
234 http fetch GET 200 https://registry.npmjs.org/pgpass 39ms (cache miss)
235 silly packumentCache full:https://registry.npmjs.org/pgpass set size:undefined disposed:false
236 http fetch GET 200 https://registry.npmjs.org/pg-protocol 59ms (cache miss)
237 silly packumentCache full:https://registry.npmjs.org/pg-protocol set size:undefined disposed:false
238 http fetch GET 200 https://registry.npmjs.org/cluster-key-slot 95ms (cache miss)
239 silly packumentCache full:https://registry.npmjs.org/cluster-key-slot set size:undefined disposed:false
240 http fetch GET 200 https://registry.npmjs.org/@ioredis%2fcommands 99ms (cache miss)
241 silly packumentCache full:https://registry.npmjs.org/@ioredis%2fcommands set size:undefined disposed:false
242 http fetch GET 200 https://registry.npmjs.org/libphonenumber-js 135ms (cache miss)
243 silly packumentCache full:https://registry.npmjs.org/libphonenumber-js set size:undefined disposed:false
244 http fetch GET 200 https://registry.npmjs.org/pg-connection-string 95ms (cache miss)
245 silly packumentCache full:https://registry.npmjs.org/pg-connection-string set size:undefined disposed:false
246 http fetch GET 200 https://registry.npmjs.org/pg-cloudflare 69ms (cache miss)
247 silly packumentCache full:https://registry.npmjs.org/pg-cloudflare set size:undefined disposed:false
248 silly fetch manifest @nestjs/common@^10.0.0 || ^11.0.0
249 silly packumentCache full:https://registry.npmjs.org/@nestjs%2fcommon cache-hit
250 silly fetch manifest class-transformer@>=0.4.1
251 silly packumentCache full:https://registry.npmjs.org/class-transformer cache-miss
252 http cache https://registry.npmjs.org/class-transformer 1ms (cache hit)
253 silly packumentCache full:https://registry.npmjs.org/class-transformer set size:106571 disposed:false
254 silly fetch manifest class-validator@>=0.13.2
255 silly packumentCache full:https://registry.npmjs.org/class-validator cache-miss
256 http cache https://registry.npmjs.org/class-validator 1ms (cache hit)
257 silly packumentCache full:https://registry.npmjs.org/class-validator set size:218336 disposed:false
258 silly fetch manifest reflect-metadata@^0.1.12 || ^0.2.0
259 silly packumentCache full:https://registry.npmjs.org/reflect-metadata cache-hit
260 silly fetch manifest rxjs@^7.1.0
261 silly packumentCache full:https://registry.npmjs.org/rxjs cache-hit
262 silly fetch manifest @nestjs/core@^10.0.0 || ^11.0.0
263 silly packumentCache full:https://registry.npmjs.org/@nestjs%2fcore cache-miss
264 http cache https://registry.npmjs.org/@nestjs%2fcore 2ms (cache hit)
265 silly packumentCache full:https://registry.npmjs.org/@nestjs%2fcore set size:1012360 disposed:false
266 silly fetch manifest @nestjs/platform-express@^11.0.0
267 silly packumentCache full:https://registry.npmjs.org/@nestjs%2fplatform-express cache-hit
268 silly placeDep ROOT @nestjs/bull-shared@11.0.4 OK for: @nestjs/bullmq@11.0.4 want: ^11.0.4
269 silly placeDep ROOT dotenv@16.4.7 OK for: @nestjs/config@4.0.2 want: 16.4.7
270 silly placeDep ROOT dotenv-expand@12.0.1 OK for: @nestjs/config@4.0.2 want: 12.0.1
271 silly placeDep ROOT @supabase/auth-js@2.86.2 OK for: @supabase/supabase-js@2.86.2 want: 2.86.2
272 silly placeDep ROOT @supabase/functions-js@2.86.2 OK for: @supabase/supabase-js@2.86.2 want: 2.86.2
273 silly placeDep ROOT @supabase/postgrest-js@2.86.2 OK for: @supabase/supabase-js@2.86.2 want: 2.86.2
274 silly placeDep ROOT @supabase/realtime-js@2.86.2 OK for: @supabase/supabase-js@2.86.2 want: 2.86.2
275 silly placeDep ROOT @supabase/storage-js@2.86.2 OK for: @supabase/supabase-js@2.86.2 want: 2.86.2
276 silly fetch manifest ws@^8.18.2
277 silly packumentCache full:https://registry.npmjs.org/ws cache-miss
278 silly fetch manifest @types/ws@^8.18.1
279 silly packumentCache full:https://registry.npmjs.org/@types%2fws cache-miss
280 silly fetch manifest @types/phoenix@^1.6.6
281 silly packumentCache full:https://registry.npmjs.org/@types%2fphoenix cache-miss
282 silly fetch manifest iceberg-js@^0.8.0
283 silly packumentCache full:https://registry.npmjs.org/iceberg-js cache-miss
284 http fetch GET 200 https://registry.npmjs.org/iceberg-js 34ms (cache miss)
285 silly packumentCache full:https://registry.npmjs.org/iceberg-js set size:undefined disposed:false
286 http fetch GET 200 https://registry.npmjs.org/@types%2fws 54ms (cache miss)
287 silly packumentCache full:https://registry.npmjs.org/@types%2fws set size:undefined disposed:false
288 http fetch GET 200 https://registry.npmjs.org/ws 58ms (cache miss)
289 silly packumentCache full:https://registry.npmjs.org/ws set size:undefined disposed:false
290 http fetch GET 200 https://registry.npmjs.org/@types%2fphoenix 68ms (cache miss)
291 silly packumentCache full:https://registry.npmjs.org/@types%2fphoenix set size:undefined disposed:false
292 silly fetch manifest bufferutil@^4.0.1
293 silly packumentCache full:https://registry.npmjs.org/bufferutil cache-miss
294 http fetch GET 200 https://registry.npmjs.org/bufferutil 47ms (cache miss)
295 silly packumentCache full:https://registry.npmjs.org/bufferutil set size:undefined disposed:false
296 silly fetch manifest utf-8-validate@>=5.0.2
297 silly packumentCache full:https://registry.npmjs.org/utf-8-validate cache-miss
298 http fetch GET 200 https://registry.npmjs.org/utf-8-validate 40ms (cache miss)
299 silly packumentCache full:https://registry.npmjs.org/utf-8-validate set size:undefined disposed:false
300 silly placeDep ROOT @types/phoenix@1.6.6 OK for: @supabase/realtime-js@2.86.2 want: ^1.6.6
301 silly placeDep ROOT @types/ws@8.18.1 OK for: @supabase/realtime-js@2.86.2 want: ^8.18.1
302 silly placeDep ROOT ws@8.18.3 OK for: @supabase/realtime-js@2.86.2 want: ^8.18.2
303 silly placeDep ROOT iceberg-js@0.8.1 OK for: @supabase/storage-js@2.86.2 want: ^0.8.0
304 silly placeDep ROOT cron-parser@4.9.0 OK for: bullmq@5.65.1 want: ^4.9.0
305 silly placeDep ROOT msgpackr@1.11.5 OK for: bullmq@5.65.1 want: ^1.11.2
306 silly placeDep ROOT uuid@11.1.0 OK for: bullmq@5.65.1 want: ^11.1.0
307 silly fetch manifest luxon@^3.2.1
308 silly packumentCache full:https://registry.npmjs.org/luxon cache-miss
309 silly fetch manifest msgpackr-extract@^3.0.2
310 silly packumentCache full:https://registry.npmjs.org/msgpackr-extract cache-miss
311 http fetch GET 200 https://registry.npmjs.org/luxon 97ms (cache miss)
312 silly packumentCache full:https://registry.npmjs.org/luxon set size:undefined disposed:false
313 http fetch GET 200 https://registry.npmjs.org/msgpackr-extract 145ms (cache miss)
314 silly packumentCache full:https://registry.npmjs.org/msgpackr-extract set size:undefined disposed:false
315 silly placeDep ROOT @types/validator@13.15.10 OK for: class-validator@0.14.3 want: ^13.15.3
316 silly placeDep ROOT libphonenumber-js@1.12.31 OK for: class-validator@0.14.3 want: ^1.11.1
317 silly placeDep ROOT validator@13.15.23 OK for: class-validator@0.14.3 want: ^13.15.20
318 silly placeDep ROOT luxon@3.7.2 OK for: cron-parser@4.9.0 want: ^3.2.1
319 silly placeDep ROOT @ioredis/commands@1.4.0 OK for: ioredis@5.8.2 want: 1.4.0
320 silly placeDep ROOT cluster-key-slot@1.1.2 OK for: ioredis@5.8.2 want: ^1.1.0
321 silly placeDep ROOT denque@2.1.0 OK for: ioredis@5.8.2 want: ^2.1.0
322 silly placeDep ROOT lodash.defaults@4.2.0 OK for: ioredis@5.8.2 want: ^4.2.0
323 silly placeDep ROOT lodash.isarguments@3.1.0 OK for: ioredis@5.8.2 want: ^3.1.0
324 silly placeDep ROOT redis-errors@1.2.0 OK for: ioredis@5.8.2 want: ^1.2.0
325 silly placeDep ROOT redis-parser@3.0.0 OK for: ioredis@5.8.2 want: ^3.0.0
326 silly placeDep ROOT standard-as-callback@2.1.0 OK for: ioredis@5.8.2 want: ^2.1.0
327 silly placeDep ROOT msgpackr-extract@3.0.3 OK for: msgpackr@1.11.5 want: ^3.0.2
328 silly fetch manifest node-gyp-build-optional-packages@5.2.2
329 silly packumentCache full:https://registry.npmjs.org/node-gyp-build-optional-packages cache-miss
330 silly fetch manifest @msgpackr-extract/msgpackr-extract-darwin-arm64@3.0.3
331 silly packumentCache full:https://registry.npmjs.org/@msgpackr-extract%2fmsgpackr-extract-darwin-arm64 cache-miss
332 silly fetch manifest @msgpackr-extract/msgpackr-extract-darwin-x64@3.0.3
333 silly packumentCache full:https://registry.npmjs.org/@msgpackr-extract%2fmsgpackr-extract-darwin-x64 cache-miss
334 silly fetch manifest @msgpackr-extract/msgpackr-extract-linux-arm@3.0.3
335 silly packumentCache full:https://registry.npmjs.org/@msgpackr-extract%2fmsgpackr-extract-linux-arm cache-miss
336 silly fetch manifest @msgpackr-extract/msgpackr-extract-linux-arm64@3.0.3
337 silly packumentCache full:https://registry.npmjs.org/@msgpackr-extract%2fmsgpackr-extract-linux-arm64 cache-miss
338 silly fetch manifest @msgpackr-extract/msgpackr-extract-linux-x64@3.0.3
339 silly packumentCache full:https://registry.npmjs.org/@msgpackr-extract%2fmsgpackr-extract-linux-x64 cache-miss
340 silly fetch manifest @msgpackr-extract/msgpackr-extract-win32-x64@3.0.3
341 silly packumentCache full:https://registry.npmjs.org/@msgpackr-extract%2fmsgpackr-extract-win32-x64 cache-miss
342 http fetch GET 200 https://registry.npmjs.org/node-gyp-build-optional-packages 38ms (cache miss)
343 silly packumentCache full:https://registry.npmjs.org/node-gyp-build-optional-packages set size:undefined disposed:false
344 http fetch GET 200 https://registry.npmjs.org/@msgpackr-extract%2fmsgpackr-extract-darwin-arm64 100ms (cache miss)
345 silly packumentCache full:https://registry.npmjs.org/@msgpackr-extract%2fmsgpackr-extract-darwin-arm64 set size:undefined disposed:false
346 http fetch GET 200 https://registry.npmjs.org/@msgpackr-extract%2fmsgpackr-extract-darwin-x64 117ms (cache miss)
347 silly packumentCache full:https://registry.npmjs.org/@msgpackr-extract%2fmsgpackr-extract-darwin-x64 set size:undefined disposed:false
348 http fetch GET 200 https://registry.npmjs.org/@msgpackr-extract%2fmsgpackr-extract-linux-arm 116ms (cache miss)
349 silly packumentCache full:https://registry.npmjs.org/@msgpackr-extract%2fmsgpackr-extract-linux-arm set size:undefined disposed:false
350 http fetch GET 200 https://registry.npmjs.org/@msgpackr-extract%2fmsgpackr-extract-linux-x64 116ms (cache miss)
351 silly packumentCache full:https://registry.npmjs.org/@msgpackr-extract%2fmsgpackr-extract-linux-x64 set size:undefined disposed:false
352 http fetch GET 200 https://registry.npmjs.org/@msgpackr-extract%2fmsgpackr-extract-linux-arm64 178ms (cache miss)
353 silly packumentCache full:https://registry.npmjs.org/@msgpackr-extract%2fmsgpackr-extract-linux-arm64 set size:undefined disposed:false
354 http fetch GET 200 https://registry.npmjs.org/@msgpackr-extract%2fmsgpackr-extract-win32-x64 196ms (cache miss)
355 silly packumentCache full:https://registry.npmjs.org/@msgpackr-extract%2fmsgpackr-extract-win32-x64 set size:undefined disposed:false
356 silly placeDep ROOT @msgpackr-extract/msgpackr-extract-darwin-arm64@3.0.3 OK for: msgpackr-extract@3.0.3 want: 3.0.3
357 silly placeDep ROOT @msgpackr-extract/msgpackr-extract-darwin-x64@3.0.3 OK for: msgpackr-extract@3.0.3 want: 3.0.3
358 silly placeDep ROOT @msgpackr-extract/msgpackr-extract-linux-arm@3.0.3 OK for: msgpackr-extract@3.0.3 want: 3.0.3
359 silly placeDep ROOT @msgpackr-extract/msgpackr-extract-linux-arm64@3.0.3 OK for: msgpackr-extract@3.0.3 want: 3.0.3
360 silly placeDep ROOT @msgpackr-extract/msgpackr-extract-linux-x64@3.0.3 OK for: msgpackr-extract@3.0.3 want: 3.0.3
361 silly placeDep ROOT @msgpackr-extract/msgpackr-extract-win32-x64@3.0.3 OK for: msgpackr-extract@3.0.3 want: 3.0.3
362 silly placeDep ROOT node-gyp-build-optional-packages@5.2.2 OK for: msgpackr-extract@3.0.3 want: 5.2.2
363 silly fetch manifest detect-libc@^2.0.1
364 silly packumentCache full:https://registry.npmjs.org/detect-libc cache-miss
365 http fetch GET 200 https://registry.npmjs.org/detect-libc 36ms (cache miss)
366 silly packumentCache full:https://registry.npmjs.org/detect-libc set size:undefined disposed:false
367 silly placeDep ROOT detect-libc@2.1.2 OK for: node-gyp-build-optional-packages@5.2.2 want: ^2.0.1
368 silly fetch manifest pg@>=8.0
369 silly packumentCache full:https://registry.npmjs.org/pg cache-miss
370 http cache https://registry.npmjs.org/pg 2ms (cache hit)
371 silly packumentCache full:https://registry.npmjs.org/pg set size:461675 disposed:false
372 silly placeDep ROOT pg-cloudflare@1.2.7 OK for: pg@8.16.3 want: ^1.2.7
373 silly placeDep ROOT pg-connection-string@2.9.1 OK for: pg@8.16.3 want: ^2.9.1
374 silly placeDep ROOT pg-pool@3.10.1 OK for: pg@8.16.3 want: ^3.10.1
375 silly placeDep ROOT pg-protocol@1.10.3 OK for: pg@8.16.3 want: ^1.10.3
376 silly placeDep ROOT pg-types@2.2.0 OK for: pg@8.16.3 want: 2.2.0
377 silly placeDep ROOT pgpass@1.0.5 OK for: pg@8.16.3 want: 1.0.5
378 silly fetch manifest pg-int8@1.0.1
379 silly packumentCache full:https://registry.npmjs.org/pg-int8 cache-miss
380 silly fetch manifest postgres-date@~1.0.4
381 silly packumentCache full:https://registry.npmjs.org/postgres-date cache-miss
382 silly fetch manifest postgres-array@~2.0.0
383 silly packumentCache full:https://registry.npmjs.org/postgres-array cache-miss
384 silly fetch manifest postgres-bytea@~1.0.0
385 silly packumentCache full:https://registry.npmjs.org/postgres-bytea cache-miss
386 silly fetch manifest postgres-interval@^1.1.0
387 silly packumentCache full:https://registry.npmjs.org/postgres-interval cache-miss
388 silly fetch manifest split2@^4.1.0
389 silly packumentCache full:https://registry.npmjs.org/split2 cache-miss
390 http fetch GET 200 https://registry.npmjs.org/postgres-bytea 37ms (cache miss)
391 silly packumentCache full:https://registry.npmjs.org/postgres-bytea set size:undefined disposed:false
392 http fetch GET 200 https://registry.npmjs.org/split2 37ms (cache miss)
393 silly packumentCache full:https://registry.npmjs.org/split2 set size:undefined disposed:false
394 http fetch GET 200 https://registry.npmjs.org/postgres-interval 40ms (cache miss)
395 silly packumentCache full:https://registry.npmjs.org/postgres-interval set size:undefined disposed:false
396 http fetch GET 200 https://registry.npmjs.org/postgres-date 41ms (cache miss)
397 silly packumentCache full:https://registry.npmjs.org/postgres-date set size:undefined disposed:false
398 http fetch GET 200 https://registry.npmjs.org/postgres-array 42ms (cache miss)
399 silly packumentCache full:https://registry.npmjs.org/postgres-array set size:undefined disposed:false
400 http fetch GET 200 https://registry.npmjs.org/pg-int8 46ms (cache miss)
401 silly packumentCache full:https://registry.npmjs.org/pg-int8 set size:undefined disposed:false
402 silly placeDep ROOT pg-int8@1.0.1 OK for: pg-types@2.2.0 want: 1.0.1
403 silly placeDep ROOT postgres-array@2.0.0 OK for: pg-types@2.2.0 want: ~2.0.0
404 silly placeDep ROOT postgres-bytea@1.0.0 OK for: pg-types@2.2.0 want: ~1.0.0
405 silly placeDep ROOT postgres-date@1.0.7 OK for: pg-types@2.2.0 want: ~1.0.4
406 silly placeDep ROOT postgres-interval@1.2.0 OK for: pg-types@2.2.0 want: ^1.1.0
407 silly placeDep ROOT split2@4.2.0 OK for: pgpass@1.0.5 want: ^4.1.0
408 silly reify moves {}
409 silly audit bulk request {
409 silly audit   '@angular-devkit/core': [ '19.2.19', '19.2.17' ],
409 silly audit   ajv: [ '8.17.1', '6.12.6' ],
409 silly audit   'json-schema-traverse': [ '1.0.0', '0.4.1' ],
409 silly audit   rxjs: [ '7.8.1', '7.8.2' ],
409 silly audit   '@angular-devkit/schematics': [ '19.2.19', '19.2.17' ],
409 silly audit   '@angular-devkit/schematics-cli': [ '19.2.19' ],
409 silly audit   '@inquirer/prompts': [ '7.3.2', '7.10.1' ],
409 silly audit   '@babel/code-frame': [ '7.27.1' ],
409 silly audit   '@babel/compat-data': [ '7.28.5' ],
409 silly audit   '@babel/core': [ '7.28.5' ],
409 silly audit   semver: [ '6.3.1', '7.7.3' ],
409 silly audit   '@babel/generator': [ '7.28.5' ],
409 silly audit   '@babel/helper-compilation-targets': [ '7.27.2' ],
409 silly audit   '@babel/helper-globals': [ '7.28.0' ],
409 silly audit   '@babel/helper-module-imports': [ '7.27.1' ],
409 silly audit   '@babel/helper-module-transforms': [ '7.28.3' ],
409 silly audit   '@babel/helper-plugin-utils': [ '7.27.1' ],
409 silly audit   '@babel/helper-string-parser': [ '7.27.1' ],
409 silly audit   '@babel/helper-validator-identifier': [ '7.28.5' ],
409 silly audit   '@babel/helper-validator-option': [ '7.27.1' ],
409 silly audit   '@babel/helpers': [ '7.28.4' ],
409 silly audit   '@babel/parser': [ '7.28.5' ],
409 silly audit   '@babel/plugin-syntax-async-generators': [ '7.8.4' ],
409 silly audit   '@babel/plugin-syntax-bigint': [ '7.8.3' ],
409 silly audit   '@babel/plugin-syntax-class-properties': [ '7.12.13' ],
409 silly audit   '@babel/plugin-syntax-class-static-block': [ '7.14.5' ],
409 silly audit   '@babel/plugin-syntax-import-attributes': [ '7.27.1' ],
409 silly audit   '@babel/plugin-syntax-import-meta': [ '7.10.4' ],
409 silly audit   '@babel/plugin-syntax-json-strings': [ '7.8.3' ],
409 silly audit   '@babel/plugin-syntax-jsx': [ '7.27.1' ],
409 silly audit   '@babel/plugin-syntax-logical-assignment-operators': [ '7.10.4' ],
409 silly audit   '@babel/plugin-syntax-nullish-coalescing-operator': [ '7.8.3' ],
409 silly audit   '@babel/plugin-syntax-numeric-separator': [ '7.10.4' ],
409 silly audit   '@babel/plugin-syntax-object-rest-spread': [ '7.8.3' ],
409 silly audit   '@babel/plugin-syntax-optional-catch-binding': [ '7.8.3' ],
409 silly audit   '@babel/plugin-syntax-optional-chaining': [ '7.8.3' ],
409 silly audit   '@babel/plugin-syntax-private-property-in-object': [ '7.14.5' ],
409 silly audit   '@babel/plugin-syntax-top-level-await': [ '7.14.5' ],
409 silly audit   '@babel/plugin-syntax-typescript': [ '7.27.1' ],
409 silly audit   '@babel/template': [ '7.27.2' ],
409 silly audit   '@babel/traverse': [ '7.28.5' ],
409 silly audit   '@babel/types': [ '7.28.5' ],
409 silly audit   '@bcoe/v8-coverage': [ '0.2.3' ],
409 silly audit   '@borewit/text-codec': [ '0.1.1' ],
409 silly audit   '@colors/colors': [ '1.5.0' ],
409 silly audit   '@cspotcode/source-map-support': [ '0.8.1' ],
409 silly audit   '@jridgewell/trace-mapping': [ '0.3.9', '0.3.31' ],
409 silly audit   '@emnapi/core': [ '1.7.1' ],
409 silly audit   '@emnapi/runtime': [ '1.7.1' ],
409 silly audit   '@emnapi/wasi-threads': [ '1.1.0' ],
409 silly audit   '@eslint-community/eslint-utils': [ '4.9.0' ],
409 silly audit   'eslint-visitor-keys': [ '3.4.3', '4.2.1' ],
409 silly audit   '@eslint-community/regexpp': [ '4.12.2' ],
409 silly audit   '@eslint/config-array': [ '0.21.1' ],
409 silly audit   '@eslint/config-helpers': [ '0.4.2' ],
409 silly audit   '@eslint/core': [ '0.17.0' ],
409 silly audit   '@eslint/eslintrc': [ '3.3.3' ],
409 silly audit   globals: [ '14.0.0', '16.5.0' ],
409 silly audit   '@eslint/js': [ '9.39.1' ],
409 silly audit   '@eslint/object-schema': [ '2.1.7' ],
409 silly audit   '@eslint/plugin-kit': [ '0.4.1' ],
409 silly audit   '@humanfs/core': [ '0.19.1' ],
409 silly audit   '@humanfs/node': [ '0.16.7' ],
409 silly audit   '@humanwhocodes/module-importer': [ '1.0.1' ],
409 silly audit   '@humanwhocodes/retry': [ '0.4.3' ],
409 silly audit   '@inquirer/ansi': [ '1.0.2' ],
409 silly audit   '@inquirer/checkbox': [ '4.3.2' ],
409 silly audit   '@inquirer/confirm': [ '5.1.21' ],
409 silly audit   '@inquirer/core': [ '10.3.2' ],
409 silly audit   '@inquirer/editor': [ '4.2.23' ],
409 silly audit   '@inquirer/expand': [ '4.0.23' ],
409 silly audit   '@inquirer/external-editor': [ '1.0.3' ],
409 silly audit   '@inquirer/figures': [ '1.0.15' ],
409 silly audit   '@inquirer/input': [ '4.3.1' ],
409 silly audit   '@inquirer/number': [ '3.0.23' ],
409 silly audit   '@inquirer/password': [ '4.0.23' ],
409 silly audit   '@inquirer/rawlist': [ '4.1.11' ],
409 silly audit   '@inquirer/search': [ '3.2.2' ],
409 silly audit   '@inquirer/select': [ '4.4.2' ],
409 silly audit   '@inquirer/type': [ '3.0.10' ],
409 silly audit   '@isaacs/balanced-match': [ '4.0.1' ],
409 silly audit   '@isaacs/brace-expansion': [ '5.0.0' ],
409 silly audit   '@isaacs/cliui': [ '8.0.2' ],
409 silly audit   'ansi-regex': [ '6.2.2', '5.0.1' ],
409 silly audit   'ansi-styles': [ '6.2.3', '4.3.0', '5.2.0' ],
409 silly audit   'emoji-regex': [ '9.2.2', '8.0.0' ],
409 silly audit   'string-width': [ '5.1.2', '4.2.3' ],
409 silly audit   'strip-ansi': [ '7.1.2', '6.0.1' ],
409 silly audit   'wrap-ansi': [ '8.1.0', '7.0.0', '6.2.0' ],
409 silly audit   '@istanbuljs/load-nyc-config': [ '1.1.0' ],
409 silly audit   argparse: [ '1.0.10', '2.0.1' ],
409 silly audit   'find-up': [ '4.1.0', '5.0.0' ],
409 silly audit   'js-yaml': [ '3.14.2', '4.1.1' ],
409 silly audit   'locate-path': [ '5.0.0', '6.0.0' ],
409 silly audit   'p-limit': [ '2.3.0', '3.1.0' ],
409 silly audit   'p-locate': [ '4.1.0', '5.0.0' ],
409 silly audit   'resolve-from': [ '5.0.0', '4.0.0' ],
409 silly audit   '@istanbuljs/schema': [ '0.1.3' ],
409 silly audit   '@jest/console': [ '30.2.0' ],
409 silly audit   '@jest/core': [ '30.2.0' ],
409 silly audit   '@jest/diff-sequences': [ '30.0.1' ],
409 silly audit   '@jest/environment': [ '30.2.0' ],
409 silly audit   '@jest/expect': [ '30.2.0' ],
409 silly audit   '@jest/expect-utils': [ '30.2.0' ],
409 silly audit   '@jest/fake-timers': [ '30.2.0' ],
409 silly audit   '@jest/get-type': [ '30.1.0' ],
409 silly audit   '@jest/globals': [ '30.2.0' ],
409 silly audit   '@jest/pattern': [ '30.0.1' ],
409 silly audit   '@jest/reporters': [ '30.2.0' ],
409 silly audit   'brace-expansion': [ '2.0.2', '1.1.12' ],
409 silly audit   glob: [ '10.5.0', '13.0.0', '7.2.3' ],
409 silly audit   'lru-cache': [ '10.4.3', '5.1.1', '11.2.4' ],
409 silly audit   minimatch: [ '9.0.5', '10.1.1', '3.1.2' ],
409 silly audit   'path-scurry': [ '1.11.1', '2.0.1' ],
409 silly audit   '@jest/schemas': [ '30.0.5' ],
409 silly audit   '@jest/snapshot-utils': [ '30.2.0' ],
409 silly audit   '@jest/source-map': [ '30.0.1' ],
409 silly audit   '@jest/test-result': [ '30.2.0' ],
409 silly audit   '@jest/test-sequencer': [ '30.2.0' ],
409 silly audit   '@jest/transform': [ '30.2.0' ],
409 silly audit   '@jest/types': [ '30.2.0' ],
409 silly audit   '@jridgewell/gen-mapping': [ '0.3.13' ],
409 silly audit   '@jridgewell/remapping': [ '2.3.5' ],
409 silly audit   '@jridgewell/resolve-uri': [ '3.1.2' ],
409 silly audit   '@jridgewell/source-map': [ '0.3.11' ],
409 silly audit   '@jridgewell/sourcemap-codec': [ '1.5.5' ],
409 silly audit   '@lukeed/csprng': [ '1.1.0' ],
409 silly audit   '@napi-rs/wasm-runtime': [ '0.2.12' ],
409 silly audit   '@nestjs/cli': [ '11.0.14' ],
409 silly audit   '@nestjs/common': [ '11.1.9' ],
409 silly audit   '@nestjs/core': [ '11.1.9' ],
409 silly audit   '@nestjs/platform-express': [ '11.1.9' ],
409 silly audit   '@nestjs/schematics': [ '11.0.9' ],
409 silly audit   '@nestjs/testing': [ '11.1.9' ],
409 silly audit   '@noble/hashes': [ '1.8.0' ],
409 silly audit   '@nuxt/opencollective': [ '0.4.1' ],
409 silly audit   '@paralleldrive/cuid2': [ '2.3.1' ],
409 silly audit   '@pkgjs/parseargs': [ '0.11.0' ],
409 silly audit   '@pkgr/core': [ '0.2.9' ],
409 silly audit   '@sinclair/typebox': [ '0.34.41' ],
409 silly audit   '@sinonjs/commons': [ '3.0.1' ],
409 silly audit   '@sinonjs/fake-timers': [ '13.0.5' ],
409 silly audit   '@tokenizer/inflate': [ '0.3.1' ],
409 silly audit   '@tokenizer/token': [ '0.3.0' ],
409 silly audit   '@tsconfig/node10': [ '1.0.12' ],
409 silly audit   '@tsconfig/node12': [ '1.0.11' ],
409 silly audit   '@tsconfig/node14': [ '1.0.3' ],
409 silly audit   '@tsconfig/node16': [ '1.0.4' ],
409 silly audit   '@tybys/wasm-util': [ '0.10.1' ],
409 silly audit   '@types/babel__core': [ '7.20.5' ],
409 silly audit   '@types/babel__generator': [ '7.27.0' ],
409 silly audit   '@types/babel__template': [ '7.4.4' ],
409 silly audit   '@types/babel__traverse': [ '7.28.0' ],
409 silly audit   '@types/body-parser': [ '1.19.6' ],
409 silly audit   '@types/connect': [ '3.4.38' ],
409 silly audit   '@types/cookiejar': [ '2.1.5' ],
409 silly audit   '@types/eslint': [ '9.6.1' ],
409 silly audit   '@types/eslint-scope': [ '3.7.7' ],
409 silly audit   '@types/estree': [ '1.0.8' ],
409 silly audit   '@types/express': [ '5.0.6' ],
409 silly audit   '@types/express-serve-static-core': [ '5.1.0' ],
409 silly audit   '@types/http-errors': [ '2.0.5' ],
409 silly audit   '@types/istanbul-lib-coverage': [ '2.0.6' ],
409 silly audit   '@types/istanbul-lib-report': [ '3.0.3' ],
409 silly audit   '@types/istanbul-reports': [ '3.0.4' ],
409 silly audit   '@types/jest': [ '30.0.0' ],
409 silly audit   '@types/json-schema': [ '7.0.15' ],
409 silly audit   '@types/methods': [ '1.1.4' ],
409 silly audit   '@types/node': [ '22.19.1' ],
409 silly audit   '@types/qs': [ '6.14.0' ],
409 silly audit   '@types/range-parser': [ '1.2.7' ],
409 silly audit   '@types/send': [ '1.2.1' ],
409 silly audit   '@types/serve-static': [ '2.2.0' ],
409 silly audit   '@types/stack-utils': [ '2.0.3' ],
409 silly audit   '@types/superagent': [ '8.1.9' ],
409 silly audit   '@types/supertest': [ '6.0.3' ],
409 silly audit   '@types/yargs': [ '17.0.35' ],
409 silly audit   '@types/yargs-parser': [ '21.0.3' ],
409 silly audit   '@typescript-eslint/eslint-plugin': [ '8.48.1' ],
409 silly audit   ignore: [ '7.0.5', '5.3.2' ],
409 silly audit   '@typescript-eslint/parser': [ '8.48.1' ],
409 silly audit   '@typescript-eslint/project-service': [ '8.48.1' ],
409 silly audit   '@typescript-eslint/scope-manager': [ '8.48.1' ],
409 silly audit   '@typescript-eslint/tsconfig-utils': [ '8.48.1' ],
409 silly audit   '@typescript-eslint/type-utils': [ '8.48.1' ],
409 silly audit   '@typescript-eslint/types': [ '8.48.1' ],
409 silly audit   '@typescript-eslint/typescript-estree': [ '8.48.1' ],
409 silly audit   '@typescript-eslint/utils': [ '8.48.1' ],
409 silly audit   '@typescript-eslint/visitor-keys': [ '8.48.1' ],
409 silly audit   '@ungap/structured-clone': [ '1.3.0' ],
409 silly audit   '@unrs/resolver-binding-android-arm-eabi': [ '1.11.1' ],
409 silly audit   '@unrs/resolver-binding-android-arm64': [ '1.11.1' ],
409 silly audit   '@unrs/resolver-binding-darwin-arm64': [ '1.11.1' ],
409 silly audit   '@unrs/resolver-binding-darwin-x64': [ '1.11.1' ],
409 silly audit   '@unrs/resolver-binding-freebsd-x64': [ '1.11.1' ],
409 silly audit   '@unrs/resolver-binding-linux-arm-gnueabihf': [ '1.11.1' ],
409 silly audit   '@unrs/resolver-binding-linux-arm-musleabihf': [ '1.11.1' ],
409 silly audit   '@unrs/resolver-binding-linux-arm64-gnu': [ '1.11.1' ],
409 silly audit   '@unrs/resolver-binding-linux-arm64-musl': [ '1.11.1' ],
409 silly audit   '@unrs/resolver-binding-linux-ppc64-gnu': [ '1.11.1' ],
409 silly audit   '@unrs/resolver-binding-linux-riscv64-gnu': [ '1.11.1' ],
409 silly audit   '@unrs/resolver-binding-linux-riscv64-musl': [ '1.11.1' ],
409 silly audit   '@unrs/resolver-binding-linux-s390x-gnu': [ '1.11.1' ],
409 silly audit   '@unrs/resolver-binding-linux-x64-gnu': [ '1.11.1' ],
409 silly audit   '@unrs/resolver-binding-linux-x64-musl': [ '1.11.1' ],
409 silly audit   '@unrs/resolver-binding-wasm32-wasi': [ '1.11.1' ],
409 silly audit   '@unrs/resolver-binding-win32-arm64-msvc': [ '1.11.1' ],
409 silly audit   '@unrs/resolver-binding-win32-ia32-msvc': [ '1.11.1' ],
409 silly audit   '@unrs/resolver-binding-win32-x64-msvc': [ '1.11.1' ],
409 silly audit   '@webassemblyjs/ast': [ '1.14.1' ],
409 silly audit   '@webassemblyjs/floating-point-hex-parser': [ '1.13.2' ],
409 silly audit   '@webassemblyjs/helper-api-error': [ '1.13.2' ],
409 silly audit   '@webassemblyjs/helper-buffer': [ '1.14.1' ],
409 silly audit   '@webassemblyjs/helper-numbers': [ '1.13.2' ],
409 silly audit   '@webassemblyjs/helper-wasm-bytecode': [ '1.13.2' ],
409 silly audit   '@webassemblyjs/helper-wasm-section': [ '1.14.1' ],
409 silly audit   '@webassemblyjs/ieee754': [ '1.13.2' ],
409 silly audit   '@webassemblyjs/leb128': [ '1.13.2' ],
409 silly audit   '@webassemblyjs/utf8': [ '1.13.2' ],
409 silly audit   '@webassemblyjs/wasm-edit': [ '1.14.1' ],
409 silly audit   '@webassemblyjs/wasm-gen': [ '1.14.1' ],
409 silly audit   '@webassemblyjs/wasm-opt': [ '1.14.1' ],
409 silly audit   '@webassemblyjs/wasm-parser': [ '1.14.1' ],
409 silly audit   '@webassemblyjs/wast-printer': [ '1.14.1' ],
409 silly audit   '@xtuc/ieee754': [ '1.2.0' ],
409 silly audit   '@xtuc/long': [ '4.2.2' ],
409 silly audit   accepts: [ '2.0.0' ],
409 silly audit   acorn: [ '8.15.0' ],
409 silly audit   'acorn-import-phases': [ '1.0.4' ],
409 silly audit   'acorn-jsx': [ '5.3.2' ],
409 silly audit   'acorn-walk': [ '8.3.4' ],
409 silly audit   'ajv-formats': [ '3.0.1', '2.1.1' ],
409 silly audit   'ajv-keywords': [ '3.5.2', '5.1.0' ],
409 silly audit   'ansi-colors': [ '4.1.3' ],
409 silly audit   'ansi-escapes': [ '4.3.2' ],
409 silly audit   ansis: [ '4.2.0' ],
409 silly audit   anymatch: [ '3.1.3' ],
409 silly audit   picomatch: [ '2.3.1', '4.0.2', '4.0.3' ],
409 silly audit   'append-field': [ '1.0.0' ],
409 silly audit   arg: [ '4.1.3' ],
409 silly audit   'array-timsort': [ '1.0.3' ],
409 silly audit   asap: [ '2.0.6' ],
409 silly audit   asynckit: [ '0.4.0' ],
409 silly audit   'babel-jest': [ '30.2.0' ],
409 silly audit   'babel-plugin-istanbul': [ '7.0.1' ],
409 silly audit   'babel-plugin-jest-hoist': [ '30.2.0' ],
409 silly audit   'babel-preset-current-node-syntax': [ '1.2.0' ],
409 silly audit   'babel-preset-jest': [ '30.2.0' ],
409 silly audit   'balanced-match': [ '1.0.2' ],
409 silly audit   'base64-js': [ '1.5.1' ],
409 silly audit   'baseline-browser-mapping': [ '2.9.4' ],
409 silly audit   bl: [ '4.1.0' ],
409 silly audit   'body-parser': [ '2.2.1' ],
409 silly audit   braces: [ '3.0.3' ],
409 silly audit   browserslist: [ '4.28.1' ],
409 silly audit   'bs-logger': [ '0.2.6' ],
409 silly audit   bser: [ '2.1.1' ],
409 silly audit   buffer: [ '5.7.1' ],
409 silly audit   'buffer-from': [ '1.1.2' ],
409 silly audit   busboy: [ '1.6.0' ],
409 silly audit   bytes: [ '3.1.2' ],
409 silly audit   'call-bind-apply-helpers': [ '1.0.2' ],
409 silly audit   'call-bound': [ '1.0.4' ],
409 silly audit   callsites: [ '3.1.0' ],
409 silly audit   camelcase: [ '5.3.1', '6.3.0' ],
409 silly audit   'caniuse-lite': [ '1.0.30001759' ],
409 silly audit   chalk: [ '4.1.2' ],
409 silly audit   'char-regex': [ '1.0.2' ],
409 silly audit   chardet: [ '2.1.1' ],
409 silly audit   chokidar: [ '4.0.3' ],
409 silly audit   'chrome-trace-event': [ '1.0.4' ],
409 silly audit   'ci-info': [ '4.3.1' ],
409 silly audit   'cjs-module-lexer': [ '2.1.1' ],
409 silly audit   'cli-cursor': [ '3.1.0' ],
409 silly audit   'cli-spinners': [ '2.9.2' ],
409 silly audit   'cli-table3': [ '0.6.5' ],
409 silly audit   'cli-width': [ '4.1.0' ],
409 silly audit   cliui: [ '8.0.1' ],
409 silly audit   clone: [ '1.0.4' ],
409 silly audit   co: [ '4.6.0' ],
409 silly audit   'collect-v8-coverage': [ '1.0.3' ],
409 silly audit   'color-convert': [ '2.0.1' ],
409 silly audit   'color-name': [ '1.1.4' ],
409 silly audit   'combined-stream': [ '1.0.8' ],
409 silly audit   commander: [ '4.1.1', '2.20.3' ],
409 silly audit   'comment-json': [ '4.4.1' ],
409 silly audit   'component-emitter': [ '1.3.1' ],
409 silly audit   'concat-map': [ '0.0.1' ],
409 silly audit   'concat-stream': [ '2.0.0' ],
409 silly audit   consola: [ '3.4.2' ],
409 silly audit   'content-disposition': [ '1.0.1' ],
409 silly audit   'content-type': [ '1.0.5' ],
409 silly audit   'convert-source-map': [ '2.0.0' ],
409 silly audit   cookie: [ '0.7.2' ],
409 silly audit   'cookie-signature': [ '1.2.2' ],
409 silly audit   cookiejar: [ '2.1.4' ],
409 silly audit   'core-util-is': [ '1.0.3' ],
409 silly audit   cors: [ '2.8.5' ],
409 silly audit   cosmiconfig: [ '8.3.6' ],
409 silly audit   'create-require': [ '1.1.1' ],
409 silly audit   'cross-spawn': [ '7.0.6' ],
409 silly audit   debug: [ '4.4.3' ],
409 silly audit   dedent: [ '1.7.0' ],
409 silly audit   'deep-is': [ '0.1.4' ],
409 silly audit   deepmerge: [ '4.3.1' ],
409 silly audit   defaults: [ '1.0.4' ],
409 silly audit   'delayed-stream': [ '1.0.0' ],
409 silly audit   depd: [ '2.0.0' ],
409 silly audit   'detect-newline': [ '3.1.0' ],
409 silly audit   dezalgo: [ '1.0.4' ],
409 silly audit   diff: [ '4.0.2' ],
409 silly audit   'dunder-proto': [ '1.0.1' ],
409 silly audit   eastasianwidth: [ '0.2.0' ],
409 silly audit   'ee-first': [ '1.1.1' ],
409 silly audit   'electron-to-chromium': [ '1.5.266' ],
409 silly audit   emittery: [ '0.13.1' ],
409 silly audit   encodeurl: [ '2.0.0' ],
409 silly audit   'enhanced-resolve': [ '5.18.3' ],
409 silly audit   'error-ex': [ '1.3.4' ],
409 silly audit   'es-define-property': [ '1.0.1' ],
409 silly audit   'es-errors': [ '1.3.0' ],
409 silly audit   'es-module-lexer': [ '1.7.0' ],
409 silly audit   'es-object-atoms': [ '1.1.1' ],
409 silly audit   'es-set-tostringtag': [ '2.1.0' ],
409 silly audit   escalade: [ '3.2.0' ],
409 silly audit   'escape-html': [ '1.0.3' ],
409 silly audit   'escape-string-regexp': [ '4.0.0', '2.0.0' ],
409 silly audit   eslint: [ '9.39.1' ],
409 silly audit   'eslint-config-prettier': [ '10.1.8' ],
409 silly audit   'eslint-plugin-prettier': [ '5.5.4' ],
409 silly audit   'eslint-scope': [ '8.4.0', '5.1.1' ],
409 silly audit   espree: [ '10.4.0' ],
409 silly audit   esprima: [ '4.0.1' ],
409 silly audit   esquery: [ '1.6.0' ],
409 silly audit   esrecurse: [ '4.3.0' ],
409 silly audit   estraverse: [ '5.3.0', '4.3.0' ],
409 silly audit   esutils: [ '2.0.3' ],
409 silly audit   etag: [ '1.8.1' ],
409 silly audit   events: [ '3.3.0' ],
409 silly audit   execa: [ '5.1.1' ],
409 silly audit   'signal-exit': [ '3.0.7', '4.1.0' ],
409 silly audit   'exit-x': [ '0.2.2' ],
409 silly audit   expect: [ '30.2.0' ],
409 silly audit   express: [ '5.1.0' ],
409 silly audit   'fast-deep-equal': [ '3.1.3' ],
409 silly audit   'fast-diff': [ '1.3.0' ],
409 silly audit   'fast-json-stable-stringify': [ '2.1.0' ],
409 silly audit   'fast-levenshtein': [ '2.0.6' ],
409 silly audit   'fast-safe-stringify': [ '2.1.1' ],
409 silly audit   'fast-uri': [ '3.1.0' ],
409 silly audit   'fb-watchman': [ '2.0.2' ],
409 silly audit   fdir: [ '6.5.0' ],
409 silly audit   fflate: [ '0.8.2' ],
409 silly audit   'file-entry-cache': [ '8.0.0' ],
409 silly audit   'file-type': [ '21.1.0' ],
409 silly audit   'fill-range': [ '7.1.1' ],
409 silly audit   finalhandler: [ '2.1.1' ],
409 silly audit   'flat-cache': [ '4.0.1' ],
409 silly audit   flatted: [ '3.3.3' ],
409 silly audit   'foreground-child': [ '3.3.1' ],
409 silly audit   'fork-ts-checker-webpack-plugin': [ '9.1.0' ],
409 silly audit   'form-data': [ '4.0.5' ],
409 silly audit   'mime-db': [ '1.52.0', '1.54.0' ],
409 silly audit   'mime-types': [ '2.1.35', '3.0.2' ],
409 silly audit   formidable: [ '3.5.4' ],
409 silly audit   forwarded: [ '0.2.0' ],
409 silly audit   fresh: [ '2.0.0' ],
409 silly audit   'fs-extra': [ '10.1.0' ],
409 silly audit   'fs-monkey': [ '1.1.0' ],
409 silly audit   'fs.realpath': [ '1.0.0' ],
409 silly audit   fsevents: [ '2.3.3' ],
409 silly audit   'function-bind': [ '1.1.2' ],
409 silly audit   gensync: [ '1.0.0-beta.2' ],
409 silly audit   'get-caller-file': [ '2.0.5' ],
409 silly audit   'get-intrinsic': [ '1.3.0' ],
409 silly audit   'get-package-type': [ '0.1.0' ],
409 silly audit   'get-proto': [ '1.0.1' ],
409 silly audit   'get-stream': [ '6.0.1' ],
409 silly audit   'glob-parent': [ '6.0.2' ],
409 silly audit   'glob-to-regexp': [ '0.4.1' ],
409 silly audit   gopd: [ '1.2.0' ],
409 silly audit   'graceful-fs': [ '4.2.11' ],
409 silly audit   graphemer: [ '1.4.0' ],
409 silly audit   handlebars: [ '4.7.8' ],
409 silly audit   'source-map': [ '0.6.1', '0.7.4' ],
409 silly audit   'has-flag': [ '4.0.0' ],
409 silly audit   'has-symbols': [ '1.1.0' ],
409 silly audit   'has-tostringtag': [ '1.0.2' ],
409 silly audit   hasown: [ '2.0.2' ],
409 silly audit   'html-escaper': [ '2.0.2' ],
409 silly audit   'http-errors': [ '2.0.1' ],
409 silly audit   'human-signals': [ '2.1.0' ],
409 silly audit   'iconv-lite': [ '0.7.0' ],
409 silly audit   ieee754: [ '1.2.1' ],
409 silly audit   'import-fresh': [ '3.3.1' ],
409 silly audit   'import-local': [ '3.2.0' ],
409 silly audit   imurmurhash: [ '0.1.4' ],
409 silly audit   inflight: [ '1.0.6' ],
409 silly audit   inherits: [ '2.0.4' ],
409 silly audit   'ipaddr.js': [ '1.9.1' ],
409 silly audit   'is-arrayish': [ '0.2.1' ],
409 silly audit   'is-extglob': [ '2.1.1' ],
409 silly audit   'is-fullwidth-code-point': [ '3.0.0' ],
409 silly audit   'is-generator-fn': [ '2.1.0' ],
409 silly audit   'is-glob': [ '4.0.3' ],
409 silly audit   'is-interactive': [ '1.0.0' ],
409 silly audit   'is-number': [ '7.0.0' ],
409 silly audit   'is-promise': [ '4.0.0' ],
409 silly audit   'is-stream': [ '2.0.1' ],
409 silly audit   'is-unicode-supported': [ '0.1.0' ],
409 silly audit   isexe: [ '2.0.0' ],
409 silly audit   'istanbul-lib-coverage': [ '3.2.2' ],
409 silly audit   'istanbul-lib-instrument': [ '6.0.3' ],
409 silly audit   'istanbul-lib-report': [ '3.0.1' ],
409 silly audit   'istanbul-lib-source-maps': [ '5.0.6' ],
409 silly audit   'istanbul-reports': [ '3.2.0' ],
409 silly audit   iterare: [ '1.2.1' ],
409 silly audit   jackspeak: [ '3.4.3' ],
409 silly audit   jest: [ '30.2.0' ],
409 silly audit   'jest-changed-files': [ '30.2.0' ],
409 silly audit   'jest-circus': [ '30.2.0' ],
409 silly audit   'jest-cli': [ '30.2.0' ],
409 silly audit   'jest-config': [ '30.2.0' ],
409 silly audit   'jest-diff': [ '30.2.0' ],
409 silly audit   'jest-docblock': [ '30.2.0' ],
409 silly audit   'jest-each': [ '30.2.0' ],
409 silly audit   'jest-environment-node': [ '30.2.0' ],
409 silly audit   'jest-haste-map': [ '30.2.0' ],
409 silly audit   'jest-leak-detector': [ '30.2.0' ],
409 silly audit   'jest-matcher-utils': [ '30.2.0' ],
409 silly audit   'jest-message-util': [ '30.2.0' ],
409 silly audit   'jest-mock': [ '30.2.0' ],
409 silly audit   'jest-pnp-resolver': [ '1.2.3' ],
409 silly audit   'jest-regex-util': [ '30.0.1' ],
409 silly audit   'jest-resolve': [ '30.2.0' ],
409 silly audit   'jest-resolve-dependencies': [ '30.2.0' ],
409 silly audit   'jest-runner': [ '30.2.0' ],
409 silly audit   'source-map-support': [ '0.5.13', '0.5.21' ],
409 silly audit   'jest-runtime': [ '30.2.0' ],
409 silly audit   'jest-snapshot': [ '30.2.0' ],
409 silly audit   'jest-util': [ '30.2.0' ],
409 silly audit   'jest-validate': [ '30.2.0' ],
409 silly audit   'jest-watcher': [ '30.2.0' ],
409 silly audit   'jest-worker': [ '30.2.0', '27.5.1' ],
409 silly audit   'supports-color': [ '8.1.1', '7.2.0' ],
409 silly audit   'js-tokens': [ '4.0.0' ],
409 silly audit   jsesc: [ '3.1.0' ],
409 silly audit   'json-buffer': [ '3.0.1' ],
409 silly audit   'json-parse-even-better-errors': [ '2.3.1' ],
409 silly audit   'json-stable-stringify-without-jsonify': [ '1.0.1' ],
409 silly audit   json5: [ '2.2.3' ],
409 silly audit   'jsonc-parser': [ '3.3.1' ],
409 silly audit   jsonfile: [ '6.2.0' ],
409 silly audit   keyv: [ '4.5.4' ],
409 silly audit   leven: [ '3.1.0' ],
409 silly audit   levn: [ '0.4.1' ],
409 silly audit   'lines-and-columns': [ '1.2.4' ],
409 silly audit   'load-esm': [ '1.0.3' ],
409 silly audit   'loader-runner': [ '4.3.1' ],
409 silly audit   lodash: [ '4.17.21' ],
409 silly audit   'lodash.memoize': [ '4.1.2' ],
409 silly audit   'lodash.merge': [ '4.6.2' ],
409 silly audit   'log-symbols': [ '4.1.0' ],
409 silly audit   'magic-string': [ '0.30.17' ],
409 silly audit   'make-dir': [ '4.0.0' ],
409 silly audit   'make-error': [ '1.3.6' ],
409 silly audit   makeerror: [ '1.0.12' ],
409 silly audit   'math-intrinsics': [ '1.1.0' ],
409 silly audit   'media-typer': [ '1.1.0', '0.3.0' ],
409 silly audit   memfs: [ '3.5.3' ],
409 silly audit   'merge-descriptors': [ '2.0.0' ],
409 silly audit   'merge-stream': [ '2.0.0' ],
409 silly audit   methods: [ '1.1.2' ],
409 silly audit   micromatch: [ '4.0.8' ],
409 silly audit   mime: [ '2.6.0' ],
409 silly audit   'mimic-fn': [ '2.1.0' ],
409 silly audit   minimist: [ '1.2.8' ],
409 silly audit   minipass: [ '7.1.2' ],
409 silly audit   mkdirp: [ '0.5.6' ],
409 silly audit   ms: [ '2.1.3' ],
409 silly audit   multer: [ '2.0.2' ],
409 silly audit   'type-is': [ '1.6.18', '2.0.1' ],
409 silly audit   'mute-stream': [ '2.0.0' ],
409 silly audit   'napi-postinstall': [ '0.3.4' ],
409 silly audit   'natural-compare': [ '1.4.0' ],
409 silly audit   negotiator: [ '1.0.0' ],
409 silly audit   'neo-async': [ '2.6.2' ],
409 silly audit   'node-abort-controller': [ '3.1.1' ],
409 silly audit   'node-emoji': [ '1.11.0' ],
409 silly audit   'node-int64': [ '0.4.0' ],
409 silly audit   'node-releases': [ '2.0.27' ],
409 silly audit   'normalize-path': [ '3.0.0' ],
409 silly audit   'npm-run-path': [ '4.0.1' ],
409 silly audit   'object-assign': [ '4.1.1' ],
409 silly audit   'object-inspect': [ '1.13.4' ],
409 silly audit   'on-finished': [ '2.4.1' ],
409 silly audit   once: [ '1.4.0' ],
409 silly audit   onetime: [ '5.1.2' ],
409 silly audit   optionator: [ '0.9.4' ],
409 silly audit   ora: [ '5.4.1' ],
409 silly audit   'p-try': [ '2.2.0' ],
409 silly audit   'package-json-from-dist': [ '1.0.1' ],
409 silly audit   'parent-module': [ '1.0.1' ],
409 silly audit   'parse-json': [ '5.2.0' ],
409 silly audit   parseurl: [ '1.3.3' ],
409 silly audit   'path-exists': [ '4.0.0' ],
409 silly audit   'path-is-absolute': [ '1.0.1' ],
409 silly audit   'path-key': [ '3.1.1' ],
409 silly audit   'path-to-regexp': [ '8.3.0' ],
409 silly audit   'path-type': [ '4.0.0' ],
409 silly audit   picocolors: [ '1.1.1' ],
409 silly audit   pirates: [ '4.0.7' ],
409 silly audit   'pkg-dir': [ '4.2.0' ],
409 silly audit   pluralize: [ '8.0.0' ],
409 silly audit   'prelude-ls': [ '1.2.1' ],
409 silly audit   prettier: [ '3.7.4' ],
409 silly audit   'prettier-linter-helpers': [ '1.0.0' ],
409 silly audit   'pretty-format': [ '30.2.0' ],
409 silly audit   'proxy-addr': [ '2.0.7' ],
409 silly audit   punycode: [ '2.3.1' ],
409 silly audit   'pure-rand': [ '7.0.1' ],
409 silly audit   qs: [ '6.14.0' ],
409 silly audit   randombytes: [ '2.1.0' ],
409 silly audit   'range-parser': [ '1.2.1' ],
409 silly audit   'raw-body': [ '3.0.2' ],
409 silly audit   'react-is': [ '18.3.1' ],
409 silly audit   'readable-stream': [ '3.6.2' ],
409 silly audit   readdirp: [ '4.1.2' ],
409 silly audit   'reflect-metadata': [ '0.2.2' ],
409 silly audit   'require-directory': [ '2.1.1' ],
409 silly audit   'require-from-string': [ '2.0.2' ],
409 silly audit   'resolve-cwd': [ '3.0.0' ],
409 silly audit   'restore-cursor': [ '3.1.0' ],
409 silly audit   router: [ '2.2.0' ],
409 silly audit   'safe-buffer': [ '5.2.1' ],
409 silly audit   'safer-buffer': [ '2.1.2' ],
409 silly audit   'schema-utils': [ '3.3.0', '4.3.3' ],
409 silly audit   send: [ '1.2.0' ],
409 silly audit   'serialize-javascript': [ '6.0.2' ],
409 silly audit   'serve-static': [ '2.2.0' ],
409 silly audit   setprototypeof: [ '1.2.0' ],
409 silly audit   'shebang-command': [ '2.0.0' ],
409 silly audit   'shebang-regex': [ '3.0.0' ],
409 silly audit   'side-channel': [ '1.1.0' ],
409 silly audit   'side-channel-list': [ '1.0.0' ],
409 silly audit   'side-channel-map': [ '1.0.1' ],
409 silly audit   'side-channel-weakmap': [ '1.0.2' ],
409 silly audit   slash: [ '3.0.0' ],
409 silly audit   'sprintf-js': [ '1.0.3' ],
409 silly audit   'stack-utils': [ '2.0.6' ],
409 silly audit   statuses: [ '2.0.2' ],
409 silly audit   streamsearch: [ '1.1.0' ],
409 silly audit   string_decoder: [ '1.3.0' ],
409 silly audit   'string-length': [ '4.0.2' ],
409 silly audit   'strip-bom': [ '4.0.0', '3.0.0' ],
409 silly audit   'strip-final-newline': [ '2.0.0' ],
409 silly audit   'strip-json-comments': [ '3.1.1' ],
409 silly audit   strtok3: [ '10.3.4' ],
409 silly audit   superagent: [ '10.2.3' ],
409 silly audit   supertest: [ '7.1.4' ],
409 silly audit   'symbol-observable': [ '4.0.0' ],
409 silly audit   synckit: [ '0.11.11' ],
409 silly audit   tapable: [ '2.3.0' ],
409 silly audit   terser: [ '5.44.1' ],
409 silly audit   'terser-webpack-plugin': [ '5.3.15' ],
409 silly audit   'test-exclude': [ '6.0.0' ],
409 silly audit   tinyglobby: [ '0.2.15' ],
409 silly audit   tmpl: [ '1.0.5' ],
409 silly audit   'to-regex-range': [ '5.0.1' ],
409 silly audit   toidentifier: [ '1.0.1' ],
409 silly audit   'token-types': [ '6.1.1' ],
409 silly audit   'ts-api-utils': [ '2.1.0' ],
409 silly audit   'ts-jest': [ '29.4.6' ],
409 silly audit   'type-fest': [ '4.41.0', '0.21.3' ],
409 silly audit   'ts-loader': [ '9.5.4' ],
409 silly audit   'ts-node': [ '10.9.2' ],
409 silly audit   'tsconfig-paths': [ '4.2.0' ],
409 silly audit   'tsconfig-paths-webpack-plugin': [ '4.2.0' ],
409 silly audit   tslib: [ '2.8.1' ],
409 silly audit   'type-check': [ '0.4.0' ],
409 silly audit   'type-detect': [ '4.0.8' ],
409 silly audit   typedarray: [ '0.0.6' ],
409 silly audit   typescript: [ '5.9.3' ],
409 silly audit   'typescript-eslint': [ '8.48.1' ],
409 silly audit   'uglify-js': [ '3.19.3' ],
409 silly audit   uid: [ '2.0.2' ],
409 silly audit   'uint8array-extras': [ '1.5.0' ],
409 silly audit   'undici-types': [ '6.21.0' ],
409 silly audit   universalify: [ '2.0.1' ],
409 silly audit   unpipe: [ '1.0.0' ],
409 silly audit   'unrs-resolver': [ '1.11.1' ],
409 silly audit   'update-browserslist-db': [ '1.2.2' ],
409 silly audit   'uri-js': [ '4.4.1' ],
409 silly audit   'util-deprecate': [ '1.0.2' ],
409 silly audit   'v8-compile-cache-lib': [ '3.0.1' ],
409 silly audit   'v8-to-istanbul': [ '9.3.0' ],
409 silly audit   vary: [ '1.1.2' ],
409 silly audit   walker: [ '1.0.8' ],
409 silly audit   watchpack: [ '2.4.4' ],
409 silly audit   wcwidth: [ '1.0.1' ],
409 silly audit   webpack: [ '5.103.0' ],
409 silly audit   'webpack-node-externals': [ '3.0.0' ],
409 silly audit   'webpack-sources': [ '3.3.3' ],
409 silly audit   which: [ '2.0.2' ],
409 silly audit   'word-wrap': [ '1.2.5' ],
409 silly audit   wordwrap: [ '1.0.0' ],
409 silly audit   wrappy: [ '1.0.2' ],
409 silly audit   'write-file-atomic': [ '5.0.1' ],
409 silly audit   xtend: [ '4.0.2' ],
409 silly audit   y18n: [ '5.0.8' ],
409 silly audit   yallist: [ '3.1.1' ],
409 silly audit   yargs: [ '17.7.2' ],
409 silly audit   'yargs-parser': [ '21.1.1' ],
409 silly audit   yn: [ '3.1.1' ],
409 silly audit   'yocto-queue': [ '0.1.0' ],
409 silly audit   'yoctocolors-cjs': [ '2.1.3' ],
409 silly audit   '@nestjs/bullmq': [ '11.0.4' ],
409 silly audit   '@nestjs/config': [ '4.0.2' ],
409 silly audit   '@supabase/supabase-js': [ '2.86.2' ],
409 silly audit   bullmq: [ '5.65.1' ],
409 silly audit   'class-transformer': [ '0.5.1' ],
409 silly audit   'class-validator': [ '0.14.3' ],
409 silly audit   ioredis: [ '5.8.2' ],
409 silly audit   pg: [ '8.16.3' ],
409 silly audit   undici: [ '7.16.0' ],
409 silly audit   '@nestjs/bull-shared': [ '11.0.4' ],
409 silly audit   dotenv: [ '16.4.7' ],
409 silly audit   'dotenv-expand': [ '12.0.1' ],
409 silly audit   '@supabase/auth-js': [ '2.86.2' ],
409 silly audit   '@supabase/functions-js': [ '2.86.2' ],
409 silly audit   '@supabase/postgrest-js': [ '2.86.2' ],
409 silly audit   '@supabase/realtime-js': [ '2.86.2' ],
409 silly audit   '@supabase/storage-js': [ '2.86.2' ],
409 silly audit   '@types/phoenix': [ '1.6.6' ],
409 silly audit   '@types/ws': [ '8.18.1' ],
409 silly audit   ws: [ '8.18.3' ],
409 silly audit   'iceberg-js': [ '0.8.1' ],
409 silly audit   'cron-parser': [ '4.9.0' ],
409 silly audit   msgpackr: [ '1.11.5' ],
409 silly audit   uuid: [ '11.1.0' ],
409 silly audit   '@types/validator': [ '13.15.10' ],
409 silly audit   'libphonenumber-js': [ '1.12.31' ],
409 silly audit   validator: [ '13.15.23' ],
409 silly audit   luxon: [ '3.7.2' ],
409 silly audit   '@ioredis/commands': [ '1.4.0' ],
409 silly audit   'cluster-key-slot': [ '1.1.2' ],
409 silly audit   denque: [ '2.1.0' ],
409 silly audit   'lodash.defaults': [ '4.2.0' ],
409 silly audit   'lodash.isarguments': [ '3.1.0' ],
409 silly audit   'redis-errors': [ '1.2.0' ],
409 silly audit   'redis-parser': [ '3.0.0' ],
409 silly audit   'standard-as-callback': [ '2.1.0' ],
409 silly audit   'msgpackr-extract': [ '3.0.3' ],
409 silly audit   '@msgpackr-extract/msgpackr-extract-darwin-arm64': [ '3.0.3' ],
409 silly audit   '@msgpackr-extract/msgpackr-extract-darwin-x64': [ '3.0.3' ],
409 silly audit   '@msgpackr-extract/msgpackr-extract-linux-arm': [ '3.0.3' ],
409 silly audit   '@msgpackr-extract/msgpackr-extract-linux-arm64': [ '3.0.3' ],
409 silly audit   '@msgpackr-extract/msgpackr-extract-linux-x64': [ '3.0.3' ],
409 silly audit   '@msgpackr-extract/msgpackr-extract-win32-x64': [ '3.0.3' ],
409 silly audit   'node-gyp-build-optional-packages': [ '5.2.2' ],
409 silly audit   'detect-libc': [ '2.1.2' ],
409 silly audit   'pg-cloudflare': [ '1.2.7' ],
409 silly audit   'pg-connection-string': [ '2.9.1' ],
409 silly audit   'pg-pool': [ '3.10.1' ],
409 silly audit   'pg-protocol': [ '1.10.3' ],
409 silly audit   'pg-types': [ '2.2.0' ],
409 silly audit   pgpass: [ '1.0.5' ],
409 silly audit   'pg-int8': [ '1.0.1' ],
409 silly audit   'postgres-array': [ '2.0.0' ],
409 silly audit   'postgres-bytea': [ '1.0.0' ],
409 silly audit   'postgres-date': [ '1.0.7' ],
409 silly audit   'postgres-interval': [ '1.2.0' ],
409 silly audit   split2: [ '4.2.0' ]
409 silly audit }
410 http cache split2@https://registry.npmjs.org/split2/-/split2-4.2.0.tgz 0ms (cache hit)
411 http cache postgres-interval@https://registry.npmjs.org/postgres-interval/-/postgres-interval-1.2.0.tgz 0ms (cache hit)
412 http cache postgres-array@https://registry.npmjs.org/postgres-array/-/postgres-array-2.0.0.tgz 0ms (cache hit)
413 http cache postgres-bytea@https://registry.npmjs.org/postgres-bytea/-/postgres-bytea-1.0.0.tgz 0ms (cache hit)
414 http cache pgpass@https://registry.npmjs.org/pgpass/-/pgpass-1.0.5.tgz 0ms (cache hit)
415 http cache pg-types@https://registry.npmjs.org/pg-types/-/pg-types-2.2.0.tgz 0ms (cache hit)
416 http cache pg-int8@https://registry.npmjs.org/pg-int8/-/pg-int8-1.0.1.tgz 0ms (cache hit)
417 http cache pg-pool@https://registry.npmjs.org/pg-pool/-/pg-pool-3.10.1.tgz 0ms (cache hit)
418 http cache postgres-date@https://registry.npmjs.org/postgres-date/-/postgres-date-1.0.7.tgz 0ms (cache hit)
419 http cache pg-protocol@https://registry.npmjs.org/pg-protocol/-/pg-protocol-1.10.3.tgz 0ms (cache hit)
420 http cache pg-connection-string@https://registry.npmjs.org/pg-connection-string/-/pg-connection-string-2.9.1.tgz 0ms (cache hit)
421 http cache pg-cloudflare@https://registry.npmjs.org/pg-cloudflare/-/pg-cloudflare-1.2.7.tgz 0ms (cache hit)
422 http cache detect-libc@https://registry.npmjs.org/detect-libc/-/detect-libc-2.1.2.tgz 0ms (cache hit)
423 http cache node-gyp-build-optional-packages@https://registry.npmjs.org/node-gyp-build-optional-packages/-/node-gyp-build-optional-packages-5.2.2.tgz 0ms (cache hit)
424 http cache @msgpackr-extract/msgpackr-extract-darwin-arm64@https://registry.npmjs.org/@msgpackr-extract/msgpackr-extract-darwin-arm64/-/msgpackr-extract-darwin-arm64-3.0.3.tgz 0ms (cache hit)
425 http cache msgpackr-extract@https://registry.npmjs.org/msgpackr-extract/-/msgpackr-extract-3.0.3.tgz 0ms (cache hit)
426 http cache redis-parser@https://registry.npmjs.org/redis-parser/-/redis-parser-3.0.0.tgz 0ms (cache hit)
427 http cache redis-errors@https://registry.npmjs.org/redis-errors/-/redis-errors-1.2.0.tgz 0ms (cache hit)
428 http cache lodash.defaults@https://registry.npmjs.org/lodash.defaults/-/lodash.defaults-4.2.0.tgz 0ms (cache hit)
429 http cache standard-as-callback@https://registry.npmjs.org/standard-as-callback/-/standard-as-callback-2.1.0.tgz 0ms (cache hit)
430 http cache denque@https://registry.npmjs.org/denque/-/denque-2.1.0.tgz 0ms (cache hit)
431 http cache lodash.isarguments@https://registry.npmjs.org/lodash.isarguments/-/lodash.isarguments-3.1.0.tgz 0ms (cache hit)
432 http cache cluster-key-slot@https://registry.npmjs.org/cluster-key-slot/-/cluster-key-slot-1.1.2.tgz 0ms (cache hit)
433 http cache @ioredis/commands@https://registry.npmjs.org/@ioredis/commands/-/commands-1.4.0.tgz 0ms (cache hit)
434 http cache luxon@https://registry.npmjs.org/luxon/-/luxon-3.7.2.tgz 0ms (cache hit)
435 http cache validator@https://registry.npmjs.org/validator/-/validator-13.15.23.tgz 0ms (cache hit)
436 http cache libphonenumber-js@https://registry.npmjs.org/libphonenumber-js/-/libphonenumber-js-1.12.31.tgz 0ms (cache hit)
437 http cache @types/validator@https://registry.npmjs.org/@types/validator/-/validator-13.15.10.tgz 0ms (cache hit)
438 http cache uuid@https://registry.npmjs.org/uuid/-/uuid-11.1.0.tgz 0ms (cache hit)
439 http cache msgpackr@https://registry.npmjs.org/msgpackr/-/msgpackr-1.11.5.tgz 0ms (cache hit)
440 http cache cron-parser@https://registry.npmjs.org/cron-parser/-/cron-parser-4.9.0.tgz 0ms (cache hit)
441 http cache iceberg-js@https://registry.npmjs.org/iceberg-js/-/iceberg-js-0.8.1.tgz 0ms (cache hit)
442 http cache ws@https://registry.npmjs.org/ws/-/ws-8.18.3.tgz 0ms (cache hit)
443 http cache @types/phoenix@https://registry.npmjs.org/@types/phoenix/-/phoenix-1.6.6.tgz 0ms (cache hit)
444 http cache @types/ws@https://registry.npmjs.org/@types/ws/-/ws-8.18.1.tgz 0ms (cache hit)
445 http cache @supabase/storage-js@https://registry.npmjs.org/@supabase/storage-js/-/storage-js-2.86.2.tgz 0ms (cache hit)
446 http cache @supabase/realtime-js@https://registry.npmjs.org/@supabase/realtime-js/-/realtime-js-2.86.2.tgz 0ms (cache hit)
447 http cache @supabase/postgrest-js@https://registry.npmjs.org/@supabase/postgrest-js/-/postgrest-js-2.86.2.tgz 0ms (cache hit)
448 http cache @supabase/auth-js@https://registry.npmjs.org/@supabase/auth-js/-/auth-js-2.86.2.tgz 0ms (cache hit)
449 http cache dotenv-expand@https://registry.npmjs.org/dotenv-expand/-/dotenv-expand-12.0.1.tgz 0ms (cache hit)
450 http cache @supabase/functions-js@https://registry.npmjs.org/@supabase/functions-js/-/functions-js-2.86.2.tgz 0ms (cache hit)
451 http cache dotenv@https://registry.npmjs.org/dotenv/-/dotenv-16.4.7.tgz 0ms (cache hit)
452 http cache undici@https://registry.npmjs.org/undici/-/undici-7.16.0.tgz 0ms (cache hit)
453 http cache @nestjs/bull-shared@https://registry.npmjs.org/@nestjs/bull-shared/-/bull-shared-11.0.4.tgz 0ms (cache hit)
454 http cache ioredis@https://registry.npmjs.org/ioredis/-/ioredis-5.8.2.tgz 0ms (cache hit)
455 http cache class-validator@https://registry.npmjs.org/class-validator/-/class-validator-0.14.3.tgz 0ms (cache hit)
456 http cache class-transformer@https://registry.npmjs.org/class-transformer/-/class-transformer-0.5.1.tgz 0ms (cache hit)
457 http cache bullmq@https://registry.npmjs.org/bullmq/-/bullmq-5.65.1.tgz 0ms (cache hit)
458 http cache @supabase/supabase-js@https://registry.npmjs.org/@supabase/supabase-js/-/supabase-js-2.86.2.tgz 0ms (cache hit)
459 http cache pg@https://registry.npmjs.org/pg/-/pg-8.16.3.tgz 0ms (cache hit)
460 http cache @nestjs/config@https://registry.npmjs.org/@nestjs/config/-/config-4.0.2.tgz 0ms (cache hit)
461 http cache @nestjs/bullmq@https://registry.npmjs.org/@nestjs/bullmq/-/bullmq-11.0.4.tgz 0ms (cache hit)
462 http cache fsevents@https://registry.npmjs.org/fsevents/-/fsevents-2.3.3.tgz 0ms (cache hit)
463 silly tarball no local data for split2@https://registry.npmjs.org/split2/-/split2-4.2.0.tgz. Extracting by manifest.
464 silly tarball no local data for postgres-interval@https://registry.npmjs.org/postgres-interval/-/postgres-interval-1.2.0.tgz. Extracting by manifest.
465 silly tarball no local data for postgres-array@https://registry.npmjs.org/postgres-array/-/postgres-array-2.0.0.tgz. Extracting by manifest.
466 silly tarball no local data for postgres-bytea@https://registry.npmjs.org/postgres-bytea/-/postgres-bytea-1.0.0.tgz. Extracting by manifest.
467 silly tarball no local data for pgpass@https://registry.npmjs.org/pgpass/-/pgpass-1.0.5.tgz. Extracting by manifest.
468 silly tarball no local data for pg-types@https://registry.npmjs.org/pg-types/-/pg-types-2.2.0.tgz. Extracting by manifest.
469 silly tarball no local data for pg-int8@https://registry.npmjs.org/pg-int8/-/pg-int8-1.0.1.tgz. Extracting by manifest.
470 silly tarball no local data for pg-pool@https://registry.npmjs.org/pg-pool/-/pg-pool-3.10.1.tgz. Extracting by manifest.
471 silly tarball no local data for postgres-date@https://registry.npmjs.org/postgres-date/-/postgres-date-1.0.7.tgz. Extracting by manifest.
472 silly tarball no local data for pg-protocol@https://registry.npmjs.org/pg-protocol/-/pg-protocol-1.10.3.tgz. Extracting by manifest.
473 silly tarball no local data for pg-connection-string@https://registry.npmjs.org/pg-connection-string/-/pg-connection-string-2.9.1.tgz. Extracting by manifest.
474 silly tarball no local data for pg-cloudflare@https://registry.npmjs.org/pg-cloudflare/-/pg-cloudflare-1.2.7.tgz. Extracting by manifest.
475 silly tarball no local data for detect-libc@https://registry.npmjs.org/detect-libc/-/detect-libc-2.1.2.tgz. Extracting by manifest.
476 silly tarball no local data for node-gyp-build-optional-packages@https://registry.npmjs.org/node-gyp-build-optional-packages/-/node-gyp-build-optional-packages-5.2.2.tgz. Extracting by manifest.
477 silly tarball no local data for @msgpackr-extract/msgpackr-extract-darwin-arm64@https://registry.npmjs.org/@msgpackr-extract/msgpackr-extract-darwin-arm64/-/msgpackr-extract-darwin-arm64-3.0.3.tgz. Extracting by manifest.
478 silly tarball no local data for msgpackr-extract@https://registry.npmjs.org/msgpackr-extract/-/msgpackr-extract-3.0.3.tgz. Extracting by manifest.
479 silly tarball no local data for redis-parser@https://registry.npmjs.org/redis-parser/-/redis-parser-3.0.0.tgz. Extracting by manifest.
480 silly tarball no local data for redis-errors@https://registry.npmjs.org/redis-errors/-/redis-errors-1.2.0.tgz. Extracting by manifest.
481 silly tarball no local data for lodash.defaults@https://registry.npmjs.org/lodash.defaults/-/lodash.defaults-4.2.0.tgz. Extracting by manifest.
482 silly tarball no local data for standard-as-callback@https://registry.npmjs.org/standard-as-callback/-/standard-as-callback-2.1.0.tgz. Extracting by manifest.
483 silly tarball no local data for denque@https://registry.npmjs.org/denque/-/denque-2.1.0.tgz. Extracting by manifest.
484 silly tarball no local data for lodash.isarguments@https://registry.npmjs.org/lodash.isarguments/-/lodash.isarguments-3.1.0.tgz. Extracting by manifest.
485 silly tarball no local data for cluster-key-slot@https://registry.npmjs.org/cluster-key-slot/-/cluster-key-slot-1.1.2.tgz. Extracting by manifest.
486 silly tarball no local data for @ioredis/commands@https://registry.npmjs.org/@ioredis/commands/-/commands-1.4.0.tgz. Extracting by manifest.
487 silly tarball no local data for luxon@https://registry.npmjs.org/luxon/-/luxon-3.7.2.tgz. Extracting by manifest.
488 silly tarball no local data for validator@https://registry.npmjs.org/validator/-/validator-13.15.23.tgz. Extracting by manifest.
489 silly tarball no local data for libphonenumber-js@https://registry.npmjs.org/libphonenumber-js/-/libphonenumber-js-1.12.31.tgz. Extracting by manifest.
490 silly tarball no local data for @types/validator@https://registry.npmjs.org/@types/validator/-/validator-13.15.10.tgz. Extracting by manifest.
491 silly tarball no local data for uuid@https://registry.npmjs.org/uuid/-/uuid-11.1.0.tgz. Extracting by manifest.
492 silly tarball no local data for msgpackr@https://registry.npmjs.org/msgpackr/-/msgpackr-1.11.5.tgz. Extracting by manifest.
493 silly tarball no local data for cron-parser@https://registry.npmjs.org/cron-parser/-/cron-parser-4.9.0.tgz. Extracting by manifest.
494 silly tarball no local data for iceberg-js@https://registry.npmjs.org/iceberg-js/-/iceberg-js-0.8.1.tgz. Extracting by manifest.
495 silly tarball no local data for ws@https://registry.npmjs.org/ws/-/ws-8.18.3.tgz. Extracting by manifest.
496 silly tarball no local data for @types/phoenix@https://registry.npmjs.org/@types/phoenix/-/phoenix-1.6.6.tgz. Extracting by manifest.
497 silly tarball no local data for @types/ws@https://registry.npmjs.org/@types/ws/-/ws-8.18.1.tgz. Extracting by manifest.
498 silly tarball no local data for @supabase/storage-js@https://registry.npmjs.org/@supabase/storage-js/-/storage-js-2.86.2.tgz. Extracting by manifest.
499 silly tarball no local data for @supabase/realtime-js@https://registry.npmjs.org/@supabase/realtime-js/-/realtime-js-2.86.2.tgz. Extracting by manifest.
500 silly tarball no local data for @supabase/postgrest-js@https://registry.npmjs.org/@supabase/postgrest-js/-/postgrest-js-2.86.2.tgz. Extracting by manifest.
501 silly tarball no local data for @supabase/auth-js@https://registry.npmjs.org/@supabase/auth-js/-/auth-js-2.86.2.tgz. Extracting by manifest.
502 silly tarball no local data for dotenv-expand@https://registry.npmjs.org/dotenv-expand/-/dotenv-expand-12.0.1.tgz. Extracting by manifest.
503 silly tarball no local data for @supabase/functions-js@https://registry.npmjs.org/@supabase/functions-js/-/functions-js-2.86.2.tgz. Extracting by manifest.
504 silly tarball no local data for dotenv@https://registry.npmjs.org/dotenv/-/dotenv-16.4.7.tgz. Extracting by manifest.
505 silly tarball no local data for undici@https://registry.npmjs.org/undici/-/undici-7.16.0.tgz. Extracting by manifest.
506 silly tarball no local data for @nestjs/bull-shared@https://registry.npmjs.org/@nestjs/bull-shared/-/bull-shared-11.0.4.tgz. Extracting by manifest.
507 silly tarball no local data for ioredis@https://registry.npmjs.org/ioredis/-/ioredis-5.8.2.tgz. Extracting by manifest.
508 silly tarball no local data for class-validator@https://registry.npmjs.org/class-validator/-/class-validator-0.14.3.tgz. Extracting by manifest.
509 silly tarball no local data for class-transformer@https://registry.npmjs.org/class-transformer/-/class-transformer-0.5.1.tgz. Extracting by manifest.
510 silly tarball no local data for bullmq@https://registry.npmjs.org/bullmq/-/bullmq-5.65.1.tgz. Extracting by manifest.
511 silly tarball no local data for @supabase/supabase-js@https://registry.npmjs.org/@supabase/supabase-js/-/supabase-js-2.86.2.tgz. Extracting by manifest.
512 silly tarball no local data for pg@https://registry.npmjs.org/pg/-/pg-8.16.3.tgz. Extracting by manifest.
513 silly tarball no local data for @nestjs/config@https://registry.npmjs.org/@nestjs/config/-/config-4.0.2.tgz. Extracting by manifest.
514 silly tarball no local data for @nestjs/bullmq@https://registry.npmjs.org/@nestjs/bullmq/-/bullmq-11.0.4.tgz. Extracting by manifest.
515 http fetch GET 200 https://registry.npmjs.org/postgres-bytea/-/postgres-bytea-1.0.0.tgz 53ms (cache miss)
516 http fetch GET 200 https://registry.npmjs.org/pg-pool/-/pg-pool-3.10.1.tgz 52ms (cache miss)
517 http fetch GET 200 https://registry.npmjs.org/split2/-/split2-4.2.0.tgz 53ms (cache miss)
518 http fetch GET 200 https://registry.npmjs.org/postgres-array/-/postgres-array-2.0.0.tgz 53ms (cache miss)
519 http fetch GET 200 https://registry.npmjs.org/postgres-interval/-/postgres-interval-1.2.0.tgz 53ms (cache miss)
520 http fetch GET 200 https://registry.npmjs.org/pgpass/-/pgpass-1.0.5.tgz 53ms (cache miss)
521 http fetch GET 200 https://registry.npmjs.org/pg-int8/-/pg-int8-1.0.1.tgz 52ms (cache miss)
522 http fetch GET 200 https://registry.npmjs.org/pg-types/-/pg-types-2.2.0.tgz 54ms (cache miss)
523 http fetch GET 200 https://registry.npmjs.org/postgres-date/-/postgres-date-1.0.7.tgz 54ms (cache miss)
524 http fetch GET 200 https://registry.npmjs.org/lodash.defaults/-/lodash.defaults-4.2.0.tgz 76ms (cache miss)
525 http fetch GET 200 https://registry.npmjs.org/msgpackr-extract/-/msgpackr-extract-3.0.3.tgz 84ms (cache miss)
526 http fetch GET 200 https://registry.npmjs.org/redis-errors/-/redis-errors-1.2.0.tgz 106ms (cache miss)
527 http fetch GET 200 https://registry.npmjs.org/standard-as-callback/-/standard-as-callback-2.1.0.tgz 106ms (cache miss)
528 http fetch GET 200 https://registry.npmjs.org/redis-parser/-/redis-parser-3.0.0.tgz 106ms (cache miss)
529 http fetch GET 200 https://registry.npmjs.org/lodash.isarguments/-/lodash.isarguments-3.1.0.tgz 107ms (cache miss)
530 http fetch GET 200 https://registry.npmjs.org/denque/-/denque-2.1.0.tgz 107ms (cache miss)
531 http fetch GET 200 https://registry.npmjs.org/cluster-key-slot/-/cluster-key-slot-1.1.2.tgz 106ms (cache miss)
532 http fetch GET 200 https://registry.npmjs.org/detect-libc/-/detect-libc-2.1.2.tgz 117ms (cache miss)
533 http fetch GET 200 https://registry.npmjs.org/node-gyp-build-optional-packages/-/node-gyp-build-optional-packages-5.2.2.tgz 118ms (cache miss)
534 http fetch GET 200 https://registry.npmjs.org/pg-cloudflare/-/pg-cloudflare-1.2.7.tgz 122ms (cache miss)
535 http fetch GET 200 https://registry.npmjs.org/pg-connection-string/-/pg-connection-string-2.9.1.tgz 126ms (cache miss)
536 http fetch GET 200 https://registry.npmjs.org/@msgpackr-extract/msgpackr-extract-darwin-arm64/-/msgpackr-extract-darwin-arm64-3.0.3.tgz 140ms (cache miss)
537 http fetch GET 200 https://registry.npmjs.org/cron-parser/-/cron-parser-4.9.0.tgz 207ms (cache miss)
538 http fetch GET 200 https://registry.npmjs.org/@ioredis/commands/-/commands-1.4.0.tgz 222ms (cache miss)
539 http fetch GET 200 https://registry.npmjs.org/iceberg-js/-/iceberg-js-0.8.1.tgz 225ms (cache miss)
540 http fetch GET 200 https://registry.npmjs.org/@types/phoenix/-/phoenix-1.6.6.tgz 229ms (cache miss)
541 http fetch GET 200 https://registry.npmjs.org/uuid/-/uuid-11.1.0.tgz 234ms (cache miss)
542 http fetch GET 200 https://registry.npmjs.org/@types/ws/-/ws-8.18.1.tgz 238ms (cache miss)
543 http fetch POST 200 https://registry.npmjs.org/-/npm/v1/security/advisories/bulk 285ms
544 silly audit report {}
545 http fetch GET 200 https://registry.npmjs.org/pg-protocol/-/pg-protocol-1.10.3.tgz 283ms (cache miss)
546 http fetch GET 200 https://registry.npmjs.org/@types/validator/-/validator-13.15.10.tgz 294ms (cache miss)
547 http fetch GET 200 https://registry.npmjs.org/validator/-/validator-13.15.23.tgz 301ms (cache miss)
548 http fetch GET 200 https://registry.npmjs.org/dotenv-expand/-/dotenv-expand-12.0.1.tgz 308ms (cache miss)
549 http fetch GET 200 https://registry.npmjs.org/@supabase/postgrest-js/-/postgrest-js-2.86.2.tgz 364ms (cache miss)
550 http fetch GET 200 https://registry.npmjs.org/@supabase/realtime-js/-/realtime-js-2.86.2.tgz 366ms (cache miss)
551 http fetch GET 200 https://registry.npmjs.org/@supabase/storage-js/-/storage-js-2.86.2.tgz 370ms (cache miss)
552 http fetch GET 200 https://registry.npmjs.org/ws/-/ws-8.18.3.tgz 383ms (cache miss)
553 http fetch GET 200 https://registry.npmjs.org/dotenv/-/dotenv-16.4.7.tgz 403ms (cache miss)
554 http fetch GET 200 https://registry.npmjs.org/@nestjs/bull-shared/-/bull-shared-11.0.4.tgz 427ms (cache miss)
555 http fetch GET 200 https://registry.npmjs.org/@supabase/functions-js/-/functions-js-2.86.2.tgz 476ms (cache miss)
556 http fetch GET 200 https://registry.npmjs.org/pg/-/pg-8.16.3.tgz 500ms (cache miss)
557 http fetch GET 200 https://registry.npmjs.org/@nestjs/config/-/config-4.0.2.tgz 536ms (cache miss)
558 http fetch GET 200 https://registry.npmjs.org/@supabase/supabase-js/-/supabase-js-2.86.2.tgz 561ms (cache miss)
559 http fetch GET 200 https://registry.npmjs.org/@supabase/auth-js/-/auth-js-2.86.2.tgz 569ms (cache miss)
560 http fetch GET 200 https://registry.npmjs.org/@nestjs/bullmq/-/bullmq-11.0.4.tgz 594ms (cache miss)
561 http fetch GET 200 https://registry.npmjs.org/ioredis/-/ioredis-5.8.2.tgz 614ms (cache miss)
562 http fetch GET 200 https://registry.npmjs.org/undici/-/undici-7.16.0.tgz 678ms (cache miss)
563 http fetch GET 200 https://registry.npmjs.org/class-transformer/-/class-transformer-0.5.1.tgz 734ms (cache miss)
564 http fetch GET 200 https://registry.npmjs.org/msgpackr/-/msgpackr-1.11.5.tgz 756ms (cache miss)
565 http fetch GET 200 https://registry.npmjs.org/bullmq/-/bullmq-5.65.1.tgz 782ms (cache miss)
566 http fetch GET 200 https://registry.npmjs.org/luxon/-/luxon-3.7.2.tgz 899ms (cache miss)
567 http fetch GET 200 https://registry.npmjs.org/class-validator/-/class-validator-0.14.3.tgz 1066ms (cache miss)
568 http fetch GET 200 https://registry.npmjs.org/libphonenumber-js/-/libphonenumber-js-1.12.31.tgz 1211ms (cache miss)
569 info run msgpackr-extract@3.0.3 install node_modules/msgpackr-extract node-gyp-build-optional-packages
570 info run msgpackr-extract@3.0.3 install { code: 0, signal: null }
571 silly ADD node_modules/split2
572 silly ADD node_modules/postgres-interval
573 silly ADD node_modules/postgres-date
574 silly ADD node_modules/postgres-bytea
575 silly ADD node_modules/postgres-array
576 silly ADD node_modules/pg-int8
577 silly ADD node_modules/pgpass
578 silly ADD node_modules/pg-types
579 silly ADD node_modules/pg-protocol
580 silly ADD node_modules/pg-pool
581 silly ADD node_modules/pg-connection-string
582 silly ADD node_modules/pg-cloudflare
583 silly ADD node_modules/detect-libc
584 silly ADD node_modules/node-gyp-build-optional-packages
585 silly ADD node_modules/@msgpackr-extract/msgpackr-extract-darwin-arm64
586 silly ADD node_modules/msgpackr-extract
587 silly ADD node_modules/standard-as-callback
588 silly ADD node_modules/redis-parser
589 silly ADD node_modules/redis-errors
590 silly ADD node_modules/lodash.isarguments
591 silly ADD node_modules/lodash.defaults
592 silly ADD node_modules/denque
593 silly ADD node_modules/cluster-key-slot
594 silly ADD node_modules/@ioredis/commands
595 silly ADD node_modules/luxon
596 silly ADD node_modules/validator
597 silly ADD node_modules/libphonenumber-js
598 silly ADD node_modules/@types/validator
599 silly ADD node_modules/uuid
600 silly ADD node_modules/msgpackr
601 silly ADD node_modules/cron-parser
602 silly ADD node_modules/iceberg-js
603 silly ADD node_modules/ws
604 silly ADD node_modules/@types/ws
605 silly ADD node_modules/@types/phoenix
606 silly ADD node_modules/@supabase/storage-js
607 silly ADD node_modules/@supabase/realtime-js
608 silly ADD node_modules/@supabase/postgrest-js
609 silly ADD node_modules/@supabase/functions-js
610 silly ADD node_modules/@supabase/auth-js
611 silly ADD node_modules/dotenv-expand
612 silly ADD node_modules/dotenv
613 silly ADD node_modules/@nestjs/bull-shared
614 silly ADD node_modules/undici
615 silly ADD node_modules/pg
616 silly ADD node_modules/ioredis
617 silly ADD node_modules/class-validator
618 silly ADD node_modules/class-transformer
619 silly ADD node_modules/bullmq
620 silly ADD node_modules/@supabase/supabase-js
621 silly ADD node_modules/@nestjs/config
622 silly ADD node_modules/@nestjs/bullmq
623 silly ADD node_modules/fsevents
624 verbose cwd /Users/oguzhan.sivri/Desktop/mail_campaign_backend/backend
625 verbose os Darwin 24.6.0
626 verbose node v24.11.1
627 verbose npm  v11.6.2
628 verbose exit 0
629 info ok
